{"logTime": "0928/143148", "correlationVector":"rJoCWdjDeP9kCRrfY149Er.129","action":"GetUpdates", "result":"DeleteReceived", "context":{"id":"5e095946-d038-4bfe-90bb-2db939118f4e", "isDeleted:":"true", "version":"1727455280674"}}
{"logTime": "0928/143148", "correlationVector":"rJoCWdjDeP9kCRrfY149Er.130","action":"GetUpdates", "result":"DeleteReceived", "context":{"id":"6e94112b-7959-4c7e-9bd3-6bca56d30ef5", "isDeleted:":"true", "version":"1727455777596"}}
{"logTime": "0928/143148", "correlationVector":"rJoCWdjDeP9kCRrfY149Er.131","action":"GetUpdates", "result":"DeleteReceived", "context":{"id":"356a1059-a623-4d13-9270-e3510a9aaebb", "isDeleted:":"true", "version":"1727455777598"}}
{"logTime": "0928/143148", "correlationVector":"rJoCWdjDeP9kCRrfY149Er.132","action":"GetUpdates", "result":"DeleteReceived", "context":{"id":"505fa720-3add-46fb-97ae-9f1d7c01aac9", "isDeleted:":"true", "version":"1727455777600"}}
{"logTime": "0928/143148", "correlationVector":"rJoCWdjDeP9kCRrfY149Er.133","action":"GetUpdates", "result":"DeleteReceived", "context":{"id":"8f0be089-fce9-4176-a3b7-213b02b5c239", "isDeleted:":"true", "version":"1727455777601"}}
{"logTime": "0928/143148", "correlationVector":"rJoCWdjDeP9kCRrfY149Er.134","action":"GetUpdates", "result":"DeleteReceived", "context":{"id":"5d2a3ab2-eff5-4f1f-a812-2bee510ea516", "isDeleted:":"true", "version":"1727455777602"}}
{"logTime": "0928/143148", "correlationVector":"rJoCWdjDeP9kCRrfY149Er.135","action":"GetUpdates", "result":"DeleteReceived", "context":{"id":"0c7ea163-9a18-41ba-a345-68293cf47ca5", "isDeleted:":"true", "version":"1727483134987"}}
{"logTime": "0928/143148", "correlationVector":"rJoCWdjDeP9kCRrfY149Er.136","action":"GetUpdates", "result":"DeleteReceived", "context":{"id":"5a1b2930-ea9a-4e14-b7b9-da8d416984b7", "isDeleted:":"true", "version":"1727483134989"}}
{"logTime": "0928/143148", "correlationVector":"rJoCWdjDeP9kCRrfY149Er.137","action":"GetUpdates", "result":"DeleteReceived", "context":{"id":"c6abaa41-8a10-4920-a434-3de7cdc7a07c", "isDeleted:":"true", "version":"1727483134990"}}
{"logTime": "0928/143148", "correlationVector":"rJoCWdjDeP9kCRrfY149Er.138","action":"GetUpdates", "result":"DeleteReceived", "context":{"id":"56bc1ab4-f821-4919-bb4b-5d0881230168", "isDeleted:":"true", "version":"1727483134992"}}
{"logTime": "0928/143148", "correlationVector":"rJoCWdjDeP9kCRrfY149Er.139","action":"GetUpdates", "result":"DeleteReceived", "context":{"id":"e17ed801-ba1f-48a6-ac4d-2a2d71215f26", "isDeleted:":"true", "version":"1727483134993"}}
{"logTime": "0928/143148", "correlationVector":"rJoCWdjDeP9kCRrfY149Er.140","action":"GetUpdates", "result":"DeleteReceived", "context":{"id":"8c51afa0-d8b1-46ce-a895-c5210d340982", "isDeleted:":"true", "version":"1727483134994"}}
{"logTime": "0928/143148", "correlationVector":"rJoCWdjDeP9kCRrfY149Er.141","action":"GetUpdates", "result":"DeleteReceived", "context":{"id":"6f313053-c767-47d3-b838-88ca9ec3290f", "isDeleted:":"true", "version":"1727483134995"}}
{"logTime": "0928/143148", "correlationVector":"rJoCWdjDeP9kCRrfY149Er.142","action":"GetUpdates", "result":"DeleteReceived", "context":{"id":"b6942556-2995-4df2-ae39-718922e7d25e", "isDeleted:":"true", "version":"1727487213734"}}
{"logTime": "0928/143148", "correlationVector":"rJoCWdjDeP9kCRrfY149Er.143","action":"GetUpdates", "result":"DeleteReceived", "context":{"id":"154a43c6-6190-492e-bf28-adae15e5feb1", "isDeleted:":"true", "version":"1727487213735"}}
{"logTime": "0928/143148", "correlationVector":"rJoCWdjDeP9kCRrfY149Er.144","action":"GetUpdates", "result":"DeleteReceived", "context":{"id":"fffad69a-8e0d-454e-a5b2-1972d59fd7dc", "isDeleted:":"true", "version":"1727487213736"}}
{"logTime": "0928/143148", "correlationVector":"rJoCWdjDeP9kCRrfY149Er.145","action":"GetUpdates", "result":"DeleteReceived", "context":{"id":"0a3889a6-b6ba-4615-a259-1a9e4e05cc2b", "isDeleted:":"true", "version":"1727487213737"}}
{"logTime": "0928/143148", "correlationVector":"rJoCWdjDeP9kCRrfY149Er.146","action":"GetUpdates", "result":"DeleteReceived", "context":{"id":"a2fb5c34-f36e-4655-ac5c-23cf5f52042d", "isDeleted:":"true", "version":"1727487213739"}}
{"logTime": "0928/143148", "correlationVector":"rJoCWdjDeP9kCRrfY149Er.147","action":"GetUpdates", "result":"DeleteReceived", "context":{"id":"ebb13c8a-2e76-4e46-85ed-eaa68a2d3578", "isDeleted:":"true", "version":"1727488988616"}}
{"logTime": "0928/143148", "correlationVector":"rJoCWdjDeP9kCRrfY149Er.148","action":"GetUpdates", "result":"DeleteReceived", "context":{"id":"1d4c313e-34c0-4158-970d-fc7e860e10d9", "isDeleted:":"true", "version":"1727488988617"}}
{"logTime": "0928/143148", "correlationVector":"rJoCWdjDeP9kCRrfY149Er.149","action":"GetUpdates", "result":"DeleteReceived", "context":{"id":"ae6dfaa8-e31b-432b-8a5e-3955b5c528e8", "isDeleted:":"true", "version":"1727488988618"}}
{"logTime": "0928/143148", "correlationVector":"rJoCWdjDeP9kCRrfY149Er.150","action":"GetUpdates", "result":"DeleteReceived", "context":{"id":"af61867e-5b0a-4da0-913b-60ab1abb99e7", "isDeleted:":"true", "version":"1727488988620"}}
{"logTime": "0928/143148", "correlationVector":"rJoCWdjDeP9kCRrfY149Er.151","action":"GetUpdates", "result":"DeleteReceived", "context":{"id":"9d05f5f8-3170-4121-a60d-1e86690ae170", "isDeleted:":"true", "version":"1727488988621"}}
{"logTime": "0928/143148", "correlationVector":"rJoCWdjDeP9kCRrfY149Er.152","action":"GetUpdates", "result":"DeleteReceived", "context":{"id":"296458cd-de14-42bd-8831-1ed695660404", "isDeleted:":"true", "version":"1727488988622"}}
{"logTime": "0928/143148", "correlationVector":"rJoCWdjDeP9kCRrfY149Er.153","action":"GetUpdates", "result":"DeleteReceived", "context":{"id":"2e4e776c-8ef6-465d-b30a-8fa3a24d22a7", "isDeleted:":"true", "version":"1727493531784"}}
{"logTime": "0928/143148", "correlationVector":"rJoCWdjDeP9kCRrfY149Er.154","action":"GetUpdates", "result":"DeleteReceived", "context":{"id":"4fe4290f-457b-4360-a502-4e48df142677", "isDeleted:":"true", "version":"1727493531785"}}
{"logTime": "0928/143148", "correlationVector":"rJoCWdjDeP9kCRrfY149Er.155","action":"GetUpdates", "result":"DeleteReceived", "context":{"id":"894cf0ff-ef4c-4bb4-8f0c-316c5208bac3", "isDeleted:":"true", "version":"1727493531786"}}
{"logTime": "0928/143148", "correlationVector":"rJoCWdjDeP9kCRrfY149Er.156","action":"GetUpdates", "result":"DeleteReceived", "context":{"id":"cf16c5b7-9c32-461d-81fd-1b1f1b692715", "isDeleted:":"true", "version":"1727493531787"}}
{"logTime": "0928/143148", "correlationVector":"rJoCWdjDeP9kCRrfY149Er.157","action":"GetUpdates", "result":"DeleteReceived", "context":{"id":"3eb32747-dfb1-4394-9772-2cde5820eaac", "isDeleted:":"true", "version":"1727493531788"}}
{"logTime": "0928/143148", "correlationVector":"rJoCWdjDeP9kCRrfY149Er.158","action":"GetUpdates", "result":"DeleteReceived", "context":{"id":"0971a463-5ee2-4d41-8d9d-3a455b745c0a", "isDeleted:":"true", "version":"1727493531789"}}
{"logTime": "0928/143148", "correlationVector":"rJoCWdjDeP9kCRrfY149Er.159","action":"GetUpdates", "result":"DeleteReceived", "context":{"id":"acc42d91-4d59-492e-bd93-483bf5574a17", "isDeleted:":"true", "version":"1727503078587"}}
{"logTime": "0928/143148", "correlationVector":"rJoCWdjDeP9kCRrfY149Er.160","action":"GetUpdates", "result":"DeleteReceived", "context":{"id":"d03fd252-7166-4a5e-b316-19c3e94a7608", "isDeleted:":"true", "version":"1727503078588"}}
{"logTime": "0928/143148", "correlationVector":"rJoCWdjDeP9kCRrfY149Er.161","action":"GetUpdates", "result":"DeleteReceived", "context":{"id":"067da28c-0de6-4775-b30b-3ac18f41412f", "isDeleted:":"true", "version":"1727503078590"}}
{"logTime": "0928/143148", "correlationVector":"rJoCWdjDeP9kCRrfY149Er.162","action":"GetUpdates", "result":"DeleteReceived", "context":{"id":"2ac46d9e-d1aa-4419-a23e-27dc1cb224ea", "isDeleted:":"true", "version":"1727503078591"}}
{"logTime": "0928/143148", "correlationVector":"rJoCWdjDeP9kCRrfY149Er.163","action":"GetUpdates", "result":"DeleteReceived", "context":{"id":"ab2cdef2-f9fb-4c04-8d1f-2d5058e0bb29", "isDeleted:":"true", "version":"1727503078592"}}
{"logTime": "0928/143148", "correlationVector":"rJoCWdjDeP9kCRrfY149Er.164","action":"GetUpdates", "result":"DeleteReceived", "context":{"id":"d5fe8985-b3d6-4920-ba46-8ce8a6709950", "isDeleted:":"true", "version":"1727503078593"}}
{"logTime": "0928/143148", "correlationVector":"rJoCWdjDeP9kCRrfY149Er.165","action":"GetUpdates", "result":"DeleteReceived", "context":{"id":"a932f705-a692-4b3b-9e1d-62f5fc079d5f", "isDeleted:":"true", "version":"1727503078594"}}
{"logTime": "0928/143148", "correlationVector":"rJoCWdjDeP9kCRrfY149Er.166","action":"GetUpdates", "result":"DeleteReceived", "context":{"id":"e18e22d2-481a-4a56-938a-641ad787cebb", "isDeleted:":"true", "version":"1727503078595"}}
{"logTime": "0928/143148", "correlationVector":"rJoCWdjDeP9kCRrfY149Er.167","action":"GetUpdates", "result":"DeleteReceived", "context":{"id":"4a48506a-4b98-4825-869c-f31693c59efb", "isDeleted:":"true", "version":"1727503078596"}}
{"logTime": "0928/143148", "correlationVector":"rJoCWdjDeP9kCRrfY149Er.168","action":"GetUpdates", "result":"DeleteReceived", "context":{"id":"17fa3699-9e4f-43f1-b6be-67cd78774786", "isDeleted:":"true", "version":"1727503078597"}}
{"logTime": "0928/143148", "correlationVector":"rJoCWdjDeP9kCRrfY149Er.169","action":"GetUpdates", "result":"DeleteReceived", "context":{"id":"f94a87aa-db51-4149-8e4e-4879cb072887", "isDeleted:":"true", "version":"1727503078598"}}
{"logTime": "0928/143148", "correlationVector":"rJoCWdjDeP9kCRrfY149Er.170","action":"GetUpdates", "result":"DeleteReceived", "context":{"id":"560fb24f-8b57-426f-968c-3bee36704700", "isDeleted:":"true", "version":"1727503078599"}}
{"logTime": "0928/143148", "correlationVector":"rJoCWdjDeP9kCRrfY149Er.171","action":"GetUpdates", "result":"DeleteReceived", "context":{"id":"807c6301-3ce2-4306-9ba6-a7e4331c3290", "isDeleted:":"true", "version":"1727503078600"}}
{"logTime": "0928/143148", "correlationVector":"rJoCWdjDeP9kCRrfY149Er.172","action":"GetUpdates", "result":"DeleteReceived", "context":{"id":"ea6c47cb-b9e3-4dbc-8a25-236996f511f5", "isDeleted:":"true", "version":"1727503078601"}}
{"logTime": "0928/143148", "correlationVector":"rJoCWdjDeP9kCRrfY149Er.173","action":"GetUpdates", "result":"DeleteReceived", "context":{"id":"f8ea2a03-53d7-4cbf-8086-3ed997f9af01", "isDeleted:":"true", "version":"1727503078602"}}
{"logTime": "0928/143148", "correlationVector":"rJoCWdjDeP9kCRrfY149Er.174","action":"GetUpdates", "result":"DeleteReceived", "context":{"id":"94d4e15a-6280-441a-95f2-dbabaa88294e", "isDeleted:":"true", "version":"1727503078603"}}
{"logTime": "0928/143148", "correlationVector":"rJoCWdjDeP9kCRrfY149Er.175","action":"GetUpdates", "result":"DeleteReceived", "context":{"id":"c6a7a5cf-bafb-43ed-905d-a4ed4df32030", "isDeleted:":"true", "version":"1727503078604"}}
{"logTime": "0928/143148", "correlationVector":"rJoCWdjDeP9kCRrfY149Er.176","action":"GetUpdates", "result":"DeleteReceived", "context":{"id":"797999dd-8e36-4a46-91e2-ffd63a89d5fb", "isDeleted:":"true", "version":"1727503078605"}}
{"logTime": "0928/143148", "correlationVector":"rJoCWdjDeP9kCRrfY149Er.177","action":"GetUpdates", "result":"DeleteReceived", "context":{"id":"9038ef79-8fac-4edc-8c3c-4a2661ffd443", "isDeleted:":"true", "version":"1727503078606"}}
{"logTime": "0928/143148", "correlationVector":"rJoCWdjDeP9kCRrfY149Er.178","action":"GetUpdates", "result":"DeleteReceived", "context":{"id":"b909e244-fa66-4120-8add-436a262cefaf", "isDeleted:":"true", "version":"1727503078607"}}
{"logTime": "0928/143148", "correlationVector":"rJoCWdjDeP9kCRrfY149Er.179","action":"GetUpdates", "result":"DeleteReceived", "context":{"id":"c81e4128-6a05-4bf3-bf4e-1b8e54eed892", "isDeleted:":"true", "version":"1727503078608"}}
{"logTime": "0928/143148", "correlationVector":"rJoCWdjDeP9kCRrfY149Er.180","action":"GetUpdates", "result":"DeleteReceived", "context":{"id":"d2aa8f89-e29b-491d-9cdf-3591958bd361", "isDeleted:":"true", "version":"1727503078609"}}
{"logTime": "0928/143148", "correlationVector":"rJoCWdjDeP9kCRrfY149Er.181","action":"GetUpdates", "result":"DeleteReceived", "context":{"id":"8295af09-4ae5-4804-9dc9-0dc74b71727c", "isDeleted:":"true", "version":"1727503078610"}}
{"logTime": "0928/143148", "correlationVector":"rJoCWdjDeP9kCRrfY149Er.182","action":"GetUpdates", "result":"DeleteReceived", "context":{"id":"42955710-4c18-44a0-89cd-5c7cf2009502", "isDeleted:":"true", "version":"1727503078611"}}
{"logTime": "0928/143148", "correlationVector":"rJoCWdjDeP9kCRrfY149Er.183","action":"GetUpdates", "result":"DeleteReceived", "context":{"id":"302e0684-9231-4bf2-bb52-2685935ac2c7", "isDeleted:":"true", "version":"1727503078612"}}
{"logTime": "0928/143148", "correlationVector":"rJoCWdjDeP9kCRrfY149Er.184","action":"GetUpdates", "result":"DeleteReceived", "context":{"id":"c3190fbb-0006-4d8c-b01d-2d2fc8787bce", "isDeleted:":"true", "version":"1727503078613"}}
{"logTime": "0928/143148", "correlationVector":"rJoCWdjDeP9kCRrfY149Er.185","action":"GetUpdates", "result":"DeleteReceived", "context":{"id":"842eee7f-c315-41e3-97a1-251ed649dad2", "isDeleted:":"true", "version":"1727503078614"}}
{"logTime": "0928/143148", "correlationVector":"rJoCWdjDeP9kCRrfY149Er.186","action":"GetUpdates", "result":"DeleteReceived", "context":{"id":"1f9abd7c-99d9-4981-abf0-86f9f1563c1f", "isDeleted:":"true", "version":"1727503078615"}}
{"logTime": "0928/143148", "correlationVector":"rJoCWdjDeP9kCRrfY149Er.187","action":"GetUpdates", "result":"DeleteReceived", "context":{"id":"62c6489a-5def-441d-8339-c933e739c467", "isDeleted:":"true", "version":"1727503078616"}}
{"logTime": "0928/143148", "correlationVector":"rJoCWdjDeP9kCRrfY149Er.188","action":"GetUpdates", "result":"DeleteReceived", "context":{"id":"78788769-f9ab-457a-a50b-8f20a23aac8a", "isDeleted:":"true", "version":"1727503078617"}}
{"logTime": "0928/143148", "correlationVector":"rJoCWdjDeP9kCRrfY149Er.189","action":"GetUpdates", "result":"DeleteReceived", "context":{"id":"a90d3b49-0976-468e-9c71-b98e50b81639", "isDeleted:":"true", "version":"1727503078618"}}
{"logTime": "0928/143148", "correlationVector":"rJoCWdjDeP9kCRrfY149Er.190","action":"GetUpdates", "result":"DeleteReceived", "context":{"id":"c80d3213-78f2-4aab-bb4d-742dd2b34ebb", "isDeleted:":"true", "version":"1727503078619"}}
{"logTime": "0928/143148", "correlationVector":"rJoCWdjDeP9kCRrfY149Er.191","action":"GetUpdates", "result":"DeleteReceived", "context":{"id":"f6c173ab-aa84-4755-b09f-7a4cf134388f", "isDeleted:":"true", "version":"1727503078621"}}
{"logTime": "0928/143149", "correlationVector":"rJoCWdjDeP9kCRrfY149Er.192","action":"GetUpdates Response", "result":"Success", "context":Received 250 update(s). cV=rJoCWdjDeP9kCRrfY149Er.0;server=GENERAL01000016;cloudType=Consumer;environment=Prod_SoutheastAsia_000j;migrationStage=NotStarted Some updates remain.}
{"logTime": "0928/143149", "correlationVector":"g+J4oOT5X0BP8hgC7wWgeG","action":"Initial GetUpdates", "result":"", "context":Reason: NEWLY_SUPPORTED_DATATYPE. cV=g+J4oOT5X0BP8hgC7wWgeG}
{"logTime": "0928/143149", "correlationVector":"g+J4oOT5X0BP8hgC7wWgeG.1","action":"SyncServerConnectionManagerRequest", "result":"SYNC_SERVER_OK", "context":{"environment":"Prod_SoutheastAsia_000j", "migrationStage":"NotStarted", "server":"GENERAL01000018"}}
{"logTime": "0928/143149", "correlationVector":"g+J4oOT5X0BP8hgC7wWgeG.2","action":"GetUpdates", "result":"DeleteReceived", "context":{"id":"b971a45c-41a5-40f3-9230-2a75b2eecfba", "isDeleted:":"true", "version":"1727503078622"}}
{"logTime": "0928/143149", "correlationVector":"g+J4oOT5X0BP8hgC7wWgeG.3","action":"GetUpdates", "result":"DeleteReceived", "context":{"id":"1845945e-4675-42ac-b59f-8446e3bff88d", "isDeleted:":"true", "version":"1727503078623"}}
{"logTime": "0928/143149", "correlationVector":"g+J4oOT5X0BP8hgC7wWgeG.4","action":"GetUpdates", "result":"DeleteReceived", "context":{"id":"999ef318-cda5-4740-ad5f-2d924f847479", "isDeleted:":"true", "version":"1727503078624"}}
{"logTime": "0928/143149", "correlationVector":"g+J4oOT5X0BP8hgC7wWgeG.5","action":"GetUpdates", "result":"DeleteReceived", "context":{"id":"0856a5d2-5361-491e-b4bd-1a648dadf1f4", "isDeleted:":"true", "version":"1727503837202"}}
{"logTime": "0928/143149", "correlationVector":"g+J4oOT5X0BP8hgC7wWgeG.6","action":"GetUpdates", "result":"DeleteReceived", "context":{"id":"d666539b-f0a6-41a3-a23c-5f3027445585", "isDeleted:":"true", "version":"1727503837205"}}
{"logTime": "0928/143149", "correlationVector":"g+J4oOT5X0BP8hgC7wWgeG.7","action":"GetUpdates", "result":"DeleteReceived", "context":{"id":"bd6a3b0c-b4e0-4082-b940-c39da1aa41e2", "isDeleted:":"true", "version":"1727503837206"}}
{"logTime": "0928/143149", "correlationVector":"g+J4oOT5X0BP8hgC7wWgeG.8","action":"GetUpdates", "result":"DeleteReceived", "context":{"id":"f2fc8ed8-b04e-4769-933d-ccfaf0d0fa47", "isDeleted:":"true", "version":"1727503837212"}}
{"logTime": "0928/143149", "correlationVector":"g+J4oOT5X0BP8hgC7wWgeG.9","action":"GetUpdates", "result":"DeleteReceived", "context":{"id":"3b332ec7-6651-47d1-9eed-14362cabc000", "isDeleted:":"true", "version":"1727505704091"}}
{"logTime": "0928/143149", "correlationVector":"g+J4oOT5X0BP8hgC7wWgeG.10","action":"GetUpdates", "result":"DeleteReceived", "context":{"id":"d6858514-4c64-4a29-b158-5d6c7af3c6dd", "isDeleted:":"true", "version":"1727508246194"}}
{"logTime": "0928/143149", "correlationVector":"g+J4oOT5X0BP8hgC7wWgeG.11","action":"GetUpdates", "result":"DeleteReceived", "context":{"id":"74c2d018-ebed-44b6-a6dd-6c4543bef4c1", "isDeleted:":"true", "version":"1727508246197"}}
{"logTime": "0928/143149", "correlationVector":"g+J4oOT5X0BP8hgC7wWgeG.12","action":"GetUpdates", "result":"DeleteReceived", "context":{"id":"45818b28-1af0-42ba-a97e-8c913f4002b0", "isDeleted:":"true", "version":"1727508246198"}}
{"logTime": "0928/143149", "correlationVector":"g+J4oOT5X0BP8hgC7wWgeG.13","action":"GetUpdates", "result":"DeleteReceived", "context":{"id":"83ec5492-f520-431f-ba7e-802effd28296", "isDeleted:":"true", "version":"1727508246205"}}
{"logTime": "0928/143149", "correlationVector":"g+J4oOT5X0BP8hgC7wWgeG.14","action":"GetUpdates", "result":"DeleteReceived", "context":{"id":"74aa58e1-bec5-4286-bbb8-d42ca66aeea7", "isDeleted:":"true", "version":"1727508246208"}}
{"logTime": "0928/143149", "correlationVector":"g+J4oOT5X0BP8hgC7wWgeG.15","action":"GetUpdates", "result":"DeleteReceived", "context":{"id":"4332376c-0cff-4762-80bf-a9abc646c742", "isDeleted:":"true", "version":"1727514094901"}}
{"logTime": "0928/143149", "correlationVector":"g+J4oOT5X0BP8hgC7wWgeG.16","action":"GetUpdates", "result":"DeleteReceived", "context":{"id":"6d8c0e83-458c-4fdc-a092-c3f4dfc2fe21", "isDeleted:":"true", "version":"1727514094903"}}
{"logTime": "0928/143149", "correlationVector":"g+J4oOT5X0BP8hgC7wWgeG.17","action":"GetUpdates", "result":"DeleteReceived", "context":{"id":"391fcdc8-ec57-447b-af69-6a7034c603fe", "isDeleted:":"true", "version":"1727514094905"}}
{"logTime": "0928/143149", "correlationVector":"g+J4oOT5X0BP8hgC7wWgeG.18","action":"GetUpdates", "result":"DeleteReceived", "context":{"id":"2cd75431-bd46-43c8-bf97-a08b8829e7a5", "isDeleted:":"true", "version":"1727514094907"}}
{"logTime": "0928/143149", "correlationVector":"g+J4oOT5X0BP8hgC7wWgeG.19","action":"GetUpdates", "result":"DeleteReceived", "context":{"id":"c72b7b5d-6c65-440f-b1dd-76bad089cfa3", "isDeleted:":"true", "version":"1727514094909"}}
{"logTime": "0928/143149", "correlationVector":"g+J4oOT5X0BP8hgC7wWgeG.20","action":"GetUpdates", "result":"DeleteReceived", "context":{"id":"c5da22b8-ab2d-45b6-9a13-34e88f6ddad2", "isDeleted:":"true", "version":"1727514094912"}}
{"logTime": "0928/143149", "correlationVector":"g+J4oOT5X0BP8hgC7wWgeG.21","action":"GetUpdates", "result":"DeleteReceived", "context":{"id":"2a6bcc36-af4e-437e-ae6a-4717414a891b", "isDeleted:":"true", "version":"1727514094913"}}
{"logTime": "0928/143149", "correlationVector":"g+J4oOT5X0BP8hgC7wWgeG.22","action":"GetUpdates", "result":"DeleteReceived", "context":{"id":"02c18f0b-5e2f-4ca0-aaea-94477ad64841", "isDeleted:":"true", "version":"1727514094914"}}
{"logTime": "0928/143149", "correlationVector":"g+J4oOT5X0BP8hgC7wWgeG.23","action":"GetUpdates", "result":"DeleteReceived", "context":{"id":"3658a3c9-5ff4-4fb4-a358-e0f5e37565e6", "isDeleted:":"true", "version":"1727514094915"}}
{"logTime": "0928/143149", "correlationVector":"g+J4oOT5X0BP8hgC7wWgeG.24","action":"GetUpdates", "result":"DeleteReceived", "context":{"id":"bf6cbedc-a139-4c4a-876a-b8405f3f63d1", "isDeleted:":"true", "version":"1727514094916"}}
{"logTime": "0928/143149", "correlationVector":"g+J4oOT5X0BP8hgC7wWgeG.25","action":"GetUpdates", "result":"DeleteReceived", "context":{"id":"28d25667-bcca-46de-bbc7-cb8ff9ecef5f", "isDeleted:":"true", "version":"1727514094917"}}
{"logTime": "0928/143149", "correlationVector":"g+J4oOT5X0BP8hgC7wWgeG.26","action":"GetUpdates", "result":"DeleteReceived", "context":{"id":"191fdb7e-c8d3-48f8-b217-ab4d42744231", "isDeleted:":"true", "version":"1727514094918"}}
{"logTime": "0928/143149", "correlationVector":"g+J4oOT5X0BP8hgC7wWgeG.27","action":"GetUpdates", "result":"DeleteReceived", "context":{"id":"6a8614f7-424a-49a6-addb-773d4be2dc28", "isDeleted:":"true", "version":"1727514094919"}}
{"logTime": "0928/143149", "correlationVector":"g+J4oOT5X0BP8hgC7wWgeG.28","action":"GetUpdates", "result":"DeleteReceived", "context":{"id":"5cb4d613-2e40-4d90-a791-e4266625a43b", "isDeleted:":"true", "version":"1727514094920"}}
{"logTime": "0928/143149", "correlationVector":"g+J4oOT5X0BP8hgC7wWgeG.29","action":"GetUpdates", "result":"DeleteReceived", "context":{"id":"4a5afc28-1bd6-4352-8d36-6246cabcc9a9", "isDeleted:":"true", "version":"1727514094922"}}
{"logTime": "0928/143149", "correlationVector":"g+J4oOT5X0BP8hgC7wWgeG.30","action":"GetUpdates", "result":"DeleteReceived", "context":{"id":"047bf151-2a86-4784-a6c0-59c0a4f8bd21", "isDeleted:":"true", "version":"1727514094923"}}
{"logTime": "0928/143149", "correlationVector":"g+J4oOT5X0BP8hgC7wWgeG.31","action":"GetUpdates", "result":"DeleteReceived", "context":{"id":"dd85ed81-e334-4aa5-9eb7-66874cd696aa", "isDeleted:":"true", "version":"1727514094924"}}
{"logTime": "0928/143149", "correlationVector":"g+J4oOT5X0BP8hgC7wWgeG.32","action":"GetUpdates", "result":"DeleteReceived", "context":{"id":"b1ee88d2-f2ab-4c18-933f-e64dcdf21649", "isDeleted:":"true", "version":"1727514094926"}}
{"logTime": "0928/143149", "correlationVector":"g+J4oOT5X0BP8hgC7wWgeG.33","action":"GetUpdates", "result":"DeleteReceived", "context":{"id":"2175bb6f-c9ad-4708-aa84-b9b8dd3e045e", "isDeleted:":"true", "version":"1727514094927"}}
{"logTime": "0928/143149", "correlationVector":"g+J4oOT5X0BP8hgC7wWgeG.34","action":"GetUpdates", "result":"DeleteReceived", "context":{"id":"89cfdbfb-90eb-49a2-89dd-9b1b052f82da", "isDeleted:":"true", "version":"1727514094929"}}
{"logTime": "0928/143149", "correlationVector":"g+J4oOT5X0BP8hgC7wWgeG.35","action":"GetUpdates", "result":"DeleteReceived", "context":{"id":"871a470b-a8bf-45e5-99a6-c85a48700fb1", "isDeleted:":"true", "version":"1727514094931"}}
{"logTime": "0928/143149", "correlationVector":"g+J4oOT5X0BP8hgC7wWgeG.36","action":"GetUpdates", "result":"DeleteReceived", "context":{"id":"c60d359e-0922-41a9-b6e3-9072ef2ac271", "isDeleted:":"true", "version":"1727514394954"}}
{"logTime": "0928/143149", "correlationVector":"g+J4oOT5X0BP8hgC7wWgeG.37","action":"GetUpdates", "result":"DeleteReceived", "context":{"id":"bab9666f-2b69-4dfa-b241-ea13f6863a03", "isDeleted:":"true", "version":"1727514394955"}}
{"logTime": "0928/143149", "correlationVector":"g+J4oOT5X0BP8hgC7wWgeG.38","action":"GetUpdates", "result":"DeleteReceived", "context":{"id":"b77d2a7d-f624-47ca-8251-ced943519397", "isDeleted:":"true", "version":"1727514394956"}}
{"logTime": "0928/143149", "correlationVector":"g+J4oOT5X0BP8hgC7wWgeG.39","action":"GetUpdates", "result":"DeleteReceived", "context":{"id":"47b2e46d-91af-4995-8bb7-1eef16f145b1", "isDeleted:":"true", "version":"1727514394957"}}
{"logTime": "0928/143149", "correlationVector":"g+J4oOT5X0BP8hgC7wWgeG.40","action":"GetUpdates", "result":"DeleteReceived", "context":{"id":"a5967fca-c83b-4f20-b42a-5bc6be80d8f7", "isDeleted:":"true", "version":"1727514394958"}}
{"logTime": "0928/143149", "correlationVector":"g+J4oOT5X0BP8hgC7wWgeG.41","action":"GetUpdates", "result":"DeleteReceived", "context":{"id":"b9aa5a82-ed1b-4e91-8a56-8f33bf6ec6b2", "isDeleted:":"true", "version":"1727514394959"}}
{"logTime": "0928/143149", "correlationVector":"g+J4oOT5X0BP8hgC7wWgeG.42","action":"GetUpdates", "result":"DeleteReceived", "context":{"id":"5057df6a-3f70-4f64-a4fa-9d7c08a35732", "isDeleted:":"true", "version":"1727514394960"}}
{"logTime": "0928/143149", "correlationVector":"g+J4oOT5X0BP8hgC7wWgeG.43","action":"GetUpdates", "result":"DeleteReceived", "context":{"id":"ed46c1e6-4c11-4763-b4eb-332fa4f6d5b7", "isDeleted:":"true", "version":"1727515361459"}}
{"logTime": "0928/143149", "correlationVector":"g+J4oOT5X0BP8hgC7wWgeG.44","action":"GetUpdates", "result":"DeleteReceived", "context":{"id":"2aa4c96e-1fdb-4ffd-9bb6-d2c50d9802df", "isDeleted:":"true", "version":"1727515361460"}}
{"logTime": "0928/143149", "correlationVector":"g+J4oOT5X0BP8hgC7wWgeG.45","action":"GetUpdates", "result":"DeleteReceived", "context":{"id":"7b6cb319-b58a-4540-919c-65d65d6b946f", "isDeleted:":"true", "version":"1727515361462"}}
{"logTime": "0928/143149", "correlationVector":"g+J4oOT5X0BP8hgC7wWgeG.46","action":"GetUpdates", "result":"DeleteReceived", "context":{"id":"4408a67f-ddc0-468f-94ad-747ca785e9be", "isDeleted:":"true", "version":"1727515361463"}}
{"logTime": "0928/143149", "correlationVector":"g+J4oOT5X0BP8hgC7wWgeG.47","action":"GetUpdates", "result":"DeleteReceived", "context":{"id":"2ed7cad2-e4f8-4368-b6ac-273ed684711d", "isDeleted:":"true", "version":"1727515739156"}}
{"logTime": "0928/143149", "correlationVector":"g+J4oOT5X0BP8hgC7wWgeG.48","action":"GetUpdates", "result":"DeleteReceived", "context":{"id":"a4435348-cfcb-4ca7-9f5d-45af88f6bbf4", "isDeleted:":"true", "version":"1727517412399"}}
{"logTime": "0928/143149", "correlationVector":"g+J4oOT5X0BP8hgC7wWgeG.49","action":"GetUpdates", "result":"DeleteReceived", "context":{"id":"739b5d9e-5d51-44c4-a42b-099633011630", "isDeleted:":"true", "version":"1727517412400"}}
{"logTime": "0928/143149", "correlationVector":"g+J4oOT5X0BP8hgC7wWgeG.50","action":"GetUpdates", "result":"DeleteReceived", "context":{"id":"1c68cf83-20d0-48b1-9fd0-de52072a9182", "isDeleted:":"true", "version":"1727517412401"}}
{"logTime": "0928/143149", "correlationVector":"g+J4oOT5X0BP8hgC7wWgeG.51","action":"GetUpdates", "result":"DeleteReceived", "context":{"id":"45d25af4-b30d-4aac-b98b-5e805b6a01a3", "isDeleted:":"true", "version":"1727517412402"}}
{"logTime": "0928/143149", "correlationVector":"g+J4oOT5X0BP8hgC7wWgeG.52","action":"GetUpdates", "result":"DeleteReceived", "context":{"id":"a4e9844f-6be7-48b0-b342-350ab6b8c11a", "isDeleted:":"true", "version":"1727517412403"}}
{"logTime": "0928/143149", "correlationVector":"g+J4oOT5X0BP8hgC7wWgeG.53","action":"GetUpdates", "result":"DeleteReceived", "context":{"id":"76c49731-478d-47f5-8835-d80730116f46", "isDeleted:":"true", "version":"1727517412404"}}
{"logTime": "0928/143149", "correlationVector":"g+J4oOT5X0BP8hgC7wWgeG.54","action":"GetUpdates", "result":"DeleteReceived", "context":{"id":"aea5352f-4629-494a-bd90-b8398fddbcb9", "isDeleted:":"true", "version":"1727517412405"}}
{"logTime": "0928/143149", "correlationVector":"g+J4oOT5X0BP8hgC7wWgeG.55","action":"GetUpdates", "result":"DeleteReceived", "context":{"id":"43757032-370b-41a6-b676-d64610315570", "isDeleted:":"true", "version":"1727517412406"}}
{"logTime": "0928/143149", "correlationVector":"g+J4oOT5X0BP8hgC7wWgeG.56","action":"GetUpdates", "result":"DeleteReceived", "context":{"id":"78cf6294-2c68-49cb-bffb-1ea49ac02027", "isDeleted:":"true", "version":"1727517412407"}}
{"logTime": "0928/143149", "correlationVector":"g+J4oOT5X0BP8hgC7wWgeG.57","action":"GetUpdates", "result":"DeleteReceived", "context":{"id":"4e7ea93a-91e5-4dd2-8403-b52fc0370221", "isDeleted:":"true", "version":"1727517417478"}}
{"logTime": "0928/143149", "correlationVector":"g+J4oOT5X0BP8hgC7wWgeG.58","action":"GetUpdates", "result":"DeleteReceived", "context":{"id":"956dbf5d-2c5d-41e7-a37d-d319548baa09", "isDeleted:":"true", "version":"1727517417479"}}
{"logTime": "0928/143149", "correlationVector":"g+J4oOT5X0BP8hgC7wWgeG.59","action":"GetUpdates", "result":"DeleteReceived", "context":{"id":"a36b5924-10e2-4d54-ac7a-b14062e7128e", "isDeleted:":"true", "version":"1727517417480"}}
{"logTime": "0928/143149", "correlationVector":"g+J4oOT5X0BP8hgC7wWgeG.60","action":"GetUpdates", "result":"DeleteReceived", "context":{"id":"27f11487-a458-44f3-9cc8-bf8dd4e81f10", "isDeleted:":"true", "version":"1727517417481"}}
{"logTime": "0928/143149", "correlationVector":"g+J4oOT5X0BP8hgC7wWgeG.61","action":"GetUpdates", "result":"DeleteReceived", "context":{"id":"60679879-5d63-471a-8367-7728ad29e6fe", "isDeleted:":"true", "version":"1727517417482"}}
{"logTime": "0928/143149", "correlationVector":"g+J4oOT5X0BP8hgC7wWgeG.62","action":"GetUpdates", "result":"DeleteReceived", "context":{"id":"2abc56c7-53c2-47e7-856b-13f8ca859dce", "isDeleted:":"true", "version":"1727517766233"}}
{"logTime": "0928/143149", "correlationVector":"g+J4oOT5X0BP8hgC7wWgeG.63","action":"GetUpdates", "result":"DeleteReceived", "context":{"id":"d4f984a1-664e-454d-bbc7-79e3bfe20c76", "isDeleted:":"true", "version":"1727524768099"}}
{"logTime": "0928/143149", "correlationVector":"g+J4oOT5X0BP8hgC7wWgeG.64","action":"GetUpdates", "result":"DeleteReceived", "context":{"id":"7181561f-5080-4028-b351-a825127c7825", "isDeleted:":"true", "version":"1727524768100"}}
{"logTime": "0928/143149", "correlationVector":"g+J4oOT5X0BP8hgC7wWgeG.65","action":"GetUpdates", "result":"DeleteReceived", "context":{"id":"e403eb41-bcbf-47fe-8641-011533029105", "isDeleted:":"true", "version":"1727524768101"}}
{"logTime": "0928/143149", "correlationVector":"g+J4oOT5X0BP8hgC7wWgeG.66","action":"GetUpdates", "result":"DeleteReceived", "context":{"id":"a1f93c70-27f4-4331-a59a-d414d90b0840", "isDeleted:":"true", "version":"1727524768102"}}
{"logTime": "0928/143149", "correlationVector":"g+J4oOT5X0BP8hgC7wWgeG.67","action":"GetUpdates", "result":"DeleteReceived", "context":{"id":"eae81fe9-6f4d-4010-afaa-c5bf46b86e7d", "isDeleted:":"true", "version":"1727524768104"}}
{"logTime": "0928/143149", "correlationVector":"g+J4oOT5X0BP8hgC7wWgeG.68","action":"GetUpdates", "result":"DeleteReceived", "context":{"id":"cb40a8f1-cc88-4403-9c47-7449ab6fe31f", "isDeleted:":"true", "version":"1727524768107"}}
{"logTime": "0928/143149", "correlationVector":"g+J4oOT5X0BP8hgC7wWgeG.69","action":"GetUpdates", "result":"DeleteReceived", "context":{"id":"1e29b816-5442-42b3-9a42-15753e0777ea", "isDeleted:":"true", "version":"1727524768108"}}
{"logTime": "0928/143149", "correlationVector":"g+J4oOT5X0BP8hgC7wWgeG.70","action":"GetUpdates", "result":"DeleteReceived", "context":{"id":"51443af9-e284-45eb-89a4-4b45c08dda41", "isDeleted:":"true", "version":"1727524768109"}}
{"logTime": "0928/143149", "correlationVector":"g+J4oOT5X0BP8hgC7wWgeG.71","action":"GetUpdates", "result":"DeleteReceived", "context":{"id":"8361bc7b-f470-46fb-997e-c20c92d27648", "isDeleted:":"true", "version":"1727524768110"}}
{"logTime": "0928/143149", "correlationVector":"g+J4oOT5X0BP8hgC7wWgeG.72","action":"GetUpdates", "result":"DeleteReceived", "context":{"id":"754954c0-2dc2-4d36-b219-8575d8e6a472", "isDeleted:":"true", "version":"1727524768111"}}
{"logTime": "0928/143149", "correlationVector":"g+J4oOT5X0BP8hgC7wWgeG.73","action":"GetUpdates", "result":"DeleteReceived", "context":{"id":"093821e5-340e-4bf4-9d85-a35faf659b73", "isDeleted:":"true", "version":"1727524768112"}}
{"logTime": "0928/143149", "correlationVector":"g+J4oOT5X0BP8hgC7wWgeG.74","action":"GetUpdates", "result":"DeleteReceived", "context":{"id":"df2005ae-ae22-4501-9061-554ebc83ccb1", "isDeleted:":"true", "version":"1727524768115"}}
{"logTime": "0928/143149", "correlationVector":"g+J4oOT5X0BP8hgC7wWgeG.75","action":"GetUpdates", "result":"DeleteReceived", "context":{"id":"9a02c1fd-d4ee-40ab-8afe-cfa10e433f13", "isDeleted:":"true", "version":"1727524768116"}}
{"logTime": "0928/143149", "correlationVector":"g+J4oOT5X0BP8hgC7wWgeG.76","action":"GetUpdates", "result":"DeleteReceived", "context":{"id":"c3549957-e0de-44fc-b37a-024976e302c8", "isDeleted:":"true", "version":"1727524768117"}}
{"logTime": "0928/143149", "correlationVector":"g+J4oOT5X0BP8hgC7wWgeG.77","action":"GetUpdates", "result":"DeleteReceived", "context":{"id":"fe57d67b-3f09-4330-82fd-9b8f8da24407", "isDeleted:":"true", "version":"1727524768118"}}
{"logTime": "0928/143149", "correlationVector":"g+J4oOT5X0BP8hgC7wWgeG.78","action":"GetUpdates", "result":"DeleteReceived", "context":{"id":"9945ec00-b94d-4173-a22c-a61613c2215a", "isDeleted:":"true", "version":"1727528247382"}}
{"logTime": "0928/143149", "correlationVector":"g+J4oOT5X0BP8hgC7wWgeG.79","action":"GetUpdates", "result":"DeleteReceived", "context":{"id":"f5346328-d374-47fc-926e-a17ff9f261d8", "isDeleted:":"true", "version":"1727528247383"}}
{"logTime": "0928/143149", "correlationVector":"g+J4oOT5X0BP8hgC7wWgeG.80","action":"GetUpdates", "result":"DeleteReceived", "context":{"id":"2a1f8032-29dd-490e-9a12-c54834a04bf3", "isDeleted:":"true", "version":"1727528247384"}}
{"logTime": "0928/143149", "correlationVector":"g+J4oOT5X0BP8hgC7wWgeG.81","action":"GetUpdates", "result":"DeleteReceived", "context":{"id":"f82fa70d-99ad-4ead-b73f-6132c9837e39", "isDeleted:":"true", "version":"1727528247386"}}
{"logTime": "0928/143149", "correlationVector":"g+J4oOT5X0BP8hgC7wWgeG.82","action":"GetUpdates", "result":"DeleteReceived", "context":{"id":"6dbe68a0-d58f-4155-ad69-696d97e03273", "isDeleted:":"true", "version":"1727528247387"}}
{"logTime": "0928/143149", "correlationVector":"g+J4oOT5X0BP8hgC7wWgeG.83","action":"GetUpdates", "result":"DeleteReceived", "context":{"id":"5427f2fb-09f9-47da-909a-d452716c9f4d", "isDeleted:":"true", "version":"1727528247388"}}
{"logTime": "0928/143149", "correlationVector":"g+J4oOT5X0BP8hgC7wWgeG.84","action":"GetUpdates", "result":"DeleteReceived", "context":{"id":"138d0172-1c49-4580-8dc1-ba5926db5bc9", "isDeleted:":"true", "version":"1727528247391"}}
{"logTime": "0928/143149", "correlationVector":"g+J4oOT5X0BP8hgC7wWgeG.85","action":"GetUpdates", "result":"DeleteReceived", "context":{"id":"30f644be-7e91-4183-b86d-daf11eb85670", "isDeleted:":"true", "version":"1727528247392"}}
{"logTime": "0928/143149", "correlationVector":"g+J4oOT5X0BP8hgC7wWgeG.86","action":"GetUpdates", "result":"DeleteReceived", "context":{"id":"1301530e-65e4-4bee-984d-fb1ed38f3f62", "isDeleted:":"true", "version":"1727528247393"}}
{"logTime": "0928/143149", "correlationVector":"g+J4oOT5X0BP8hgC7wWgeG.87","action":"GetUpdates", "result":"DeleteReceived", "context":{"id":"0d15c27e-b0fb-46da-b352-69c934767f14", "isDeleted:":"true", "version":"1727528247394"}}
{"logTime": "0928/143149", "correlationVector":"g+J4oOT5X0BP8hgC7wWgeG.88","action":"GetUpdates", "result":"DeleteReceived", "context":{"id":"46a9d769-b84b-453a-9072-2c58af6f40a5", "isDeleted:":"true", "version":"1727528247395"}}
{"logTime": "0928/143149", "correlationVector":"g+J4oOT5X0BP8hgC7wWgeG.89","action":"GetUpdates", "result":"DeleteReceived", "context":{"id":"e59747b6-7b6c-4994-8bc8-20627b3143c0", "isDeleted:":"true", "version":"1727528247396"}}
{"logTime": "0928/143149", "correlationVector":"g+J4oOT5X0BP8hgC7wWgeG.90","action":"GetUpdates", "result":"DeleteReceived", "context":{"id":"e5cde26d-1cfe-4b3d-84ab-ba35ccc4c466", "isDeleted:":"true", "version":"1727528247397"}}
{"logTime": "0928/143149", "correlationVector":"g+J4oOT5X0BP8hgC7wWgeG.91","action":"GetUpdates", "result":"DeleteReceived", "context":{"id":"ee96ed75-e700-4226-babf-51b6fe80f170", "isDeleted:":"true", "version":"1727528247398"}}
{"logTime": "0928/143149", "correlationVector":"g+J4oOT5X0BP8hgC7wWgeG.92","action":"GetUpdates", "result":"DeleteReceived", "context":{"id":"34e15ead-292a-4c9b-9075-d1a2edb41ae8", "isDeleted:":"true", "version":"1727528442157"}}
{"logTime": "0928/143149", "correlationVector":"g+J4oOT5X0BP8hgC7wWgeG.93","action":"GetUpdates", "result":"DeleteReceived", "context":{"id":"0c0efd08-190d-4cf0-b12b-5bf2eb73c149", "isDeleted:":"true", "version":"1727528442159"}}
{"logTime": "0928/143149", "correlationVector":"g+J4oOT5X0BP8hgC7wWgeG.94","action":"GetUpdates", "result":"DeleteReceived", "context":{"id":"711fb1b6-9ffd-466d-891c-900805a6f0df", "isDeleted:":"true", "version":"1727528442160"}}
{"logTime": "0928/143149", "correlationVector":"g+J4oOT5X0BP8hgC7wWgeG.95","action":"GetUpdates", "result":"DeleteReceived", "context":{"id":"df3e2672-ad62-49e2-a2bd-e0d41b447e8a", "isDeleted:":"true", "version":"1727528442161"}}
{"logTime": "0928/143149", "correlationVector":"g+J4oOT5X0BP8hgC7wWgeG.96","action":"GetUpdates", "result":"DeleteReceived", "context":{"id":"92993dfa-26db-4cda-94e9-709c6fc8a111", "isDeleted:":"true", "version":"1727528442162"}}
{"logTime": "0928/143149", "correlationVector":"g+J4oOT5X0BP8hgC7wWgeG.97","action":"GetUpdates", "result":"DeleteReceived", "context":{"id":"5f084e7e-8afb-48a0-afea-66bef0825510", "isDeleted:":"true", "version":"1727528442163"}}
{"logTime": "0928/143149", "correlationVector":"g+J4oOT5X0BP8hgC7wWgeG.98","action":"GetUpdates", "result":"DeleteReceived", "context":{"id":"5f60779c-0d6a-4e69-96dd-3cd6bdd8bfb3", "isDeleted:":"true", "version":"1727528442164"}}
{"logTime": "0928/143149", "correlationVector":"g+J4oOT5X0BP8hgC7wWgeG.99","action":"GetUpdates", "result":"DeleteReceived", "context":{"id":"c3140f49-f56f-4e14-9203-ae78fbaf6364", "isDeleted:":"true", "version":"1727528442165"}}
{"logTime": "0928/143149", "correlationVector":"g+J4oOT5X0BP8hgC7wWgeG.100","action":"GetUpdates", "result":"DeleteReceived", "context":{"id":"338addc9-dd85-4084-8b13-216418341cf6", "isDeleted:":"true", "version":"1727528442166"}}
{"logTime": "0928/143149", "correlationVector":"g+J4oOT5X0BP8hgC7wWgeG.101","action":"GetUpdates", "result":"DeleteReceived", "context":{"id":"18d3bea9-517c-4a3c-a8bc-54a54726d0cb", "isDeleted:":"true", "version":"1727528442167"}}
{"logTime": "0928/143149", "correlationVector":"g+J4oOT5X0BP8hgC7wWgeG.102","action":"GetUpdates", "result":"DeleteReceived", "context":{"id":"b912276d-43c6-4b67-a78f-207987b5e636", "isDeleted:":"true", "version":"1727528442168"}}
{"logTime": "0928/143149", "correlationVector":"g+J4oOT5X0BP8hgC7wWgeG.103","action":"GetUpdates", "result":"DeleteReceived", "context":{"id":"5cd6ff33-8dfb-4ea4-896a-2fd59bd3123b", "isDeleted:":"true", "version":"1727528442169"}}
{"logTime": "0928/143149", "correlationVector":"g+J4oOT5X0BP8hgC7wWgeG.104","action":"GetUpdates", "result":"DeleteReceived", "context":{"id":"28559b5c-2385-427e-906d-cb1aed70abd0", "isDeleted:":"true", "version":"1727528442170"}}
{"logTime": "0928/143149", "correlationVector":"g+J4oOT5X0BP8hgC7wWgeG.105","action":"GetUpdates", "result":"DeleteReceived", "context":{"id":"5fc00469-7883-463c-9644-d15b7b0472cd", "isDeleted:":"true", "version":"1727528442171"}}
{"logTime": "0928/143149", "correlationVector":"g+J4oOT5X0BP8hgC7wWgeG.106","action":"GetUpdates", "result":"DeleteReceived", "context":{"id":"8d10707f-408d-4535-92ec-b50cea213be3", "isDeleted:":"true", "version":"1727528606457"}}
{"logTime": "0928/143149", "correlationVector":"g+J4oOT5X0BP8hgC7wWgeG.107","action":"GetUpdates", "result":"DeleteReceived", "context":{"id":"b9920330-01f2-4432-a4e3-272ad0690957", "isDeleted:":"true", "version":"1727528694034"}}
{"logTime": "0928/143149", "correlationVector":"g+J4oOT5X0BP8hgC7wWgeG.108","action":"GetUpdates", "result":"DeleteReceived", "context":{"id":"02382be3-8f57-4ae1-875e-dddea4c3d1b8", "isDeleted:":"true", "version":"1727528775285"}}
{"logTime": "0928/143149", "correlationVector":"g+J4oOT5X0BP8hgC7wWgeG.109","action":"GetUpdates", "result":"DeleteReceived", "context":{"id":"4aedc441-d5e2-4e50-af9c-2807e2f4b204", "isDeleted:":"true", "version":"1727528775286"}}
{"logTime": "0928/143149", "correlationVector":"g+J4oOT5X0BP8hgC7wWgeG.110","action":"GetUpdates", "result":"DeleteReceived", "context":{"id":"b4e7cd86-e98c-4742-81c9-7bedf492b41a", "isDeleted:":"true", "version":"1727528775287"}}
{"logTime": "0928/143149", "correlationVector":"g+J4oOT5X0BP8hgC7wWgeG.111","action":"GetUpdates", "result":"DeleteReceived", "context":{"id":"d4cad4ef-c9d4-4022-a778-da6e2c9a417b", "isDeleted:":"true", "version":"1727528775288"}}
{"logTime": "0928/143149", "correlationVector":"g+J4oOT5X0BP8hgC7wWgeG.112","action":"GetUpdates", "result":"DeleteReceived", "context":{"id":"0d250f54-696c-4535-912c-b82f1a31bbe5", "isDeleted:":"true", "version":"1727528775290"}}
{"logTime": "0928/143149", "correlationVector":"g+J4oOT5X0BP8hgC7wWgeG.113","action":"GetUpdates", "result":"DeleteReceived", "context":{"id":"d4666f85-4640-4edf-94e0-313dc7814d37", "isDeleted:":"true", "version":"1727528775291"}}
{"logTime": "0928/143149", "correlationVector":"g+J4oOT5X0BP8hgC7wWgeG.114","action":"GetUpdates", "result":"DeleteReceived", "context":{"id":"6db8d3aa-84c6-490b-a5a4-ce6cd0b3972a", "isDeleted:":"true", "version":"1727528775292"}}
{"logTime": "0928/143149", "correlationVector":"g+J4oOT5X0BP8hgC7wWgeG.115","action":"GetUpdates", "result":"DeleteReceived", "context":{"id":"c3b87d7f-e9c3-4fe0-a7e3-092cecb175de", "isDeleted:":"true", "version":"1727528775293"}}
{"logTime": "0928/143149", "correlationVector":"g+J4oOT5X0BP8hgC7wWgeG.116","action":"GetUpdates", "result":"DeleteReceived", "context":{"id":"738e304a-0224-40a0-b7fd-22160ea44b32", "isDeleted:":"true", "version":"1727528775294"}}
{"logTime": "0928/143149", "correlationVector":"g+J4oOT5X0BP8hgC7wWgeG.117","action":"GetUpdates", "result":"DeleteReceived", "context":{"id":"9e137cf7-dcd1-4853-a100-e80f3ea4dabf", "isDeleted:":"true", "version":"1727528775295"}}
{"logTime": "0928/143149", "correlationVector":"g+J4oOT5X0BP8hgC7wWgeG.118","action":"GetUpdates", "result":"DeleteReceived", "context":{"id":"79f45d46-9cef-4c0d-9526-a87da3538890", "isDeleted:":"true", "version":"1727528775296"}}
{"logTime": "0928/143149", "correlationVector":"g+J4oOT5X0BP8hgC7wWgeG.119","action":"GetUpdates", "result":"DeleteReceived", "context":{"id":"767e9b7c-b917-4c67-a018-0197a5906950", "isDeleted:":"true", "version":"1727528775297"}}
{"logTime": "0928/143149", "correlationVector":"g+J4oOT5X0BP8hgC7wWgeG.120","action":"GetUpdates", "result":"DeleteReceived", "context":{"id":"c26059f5-2f46-432a-a28a-cc80245a3928", "isDeleted:":"true", "version":"1727528775298"}}
{"logTime": "0928/143149", "correlationVector":"g+J4oOT5X0BP8hgC7wWgeG.121","action":"GetUpdates", "result":"DeleteReceived", "context":{"id":"294b0663-c3ad-4e20-b5d9-061e1e5f462d", "isDeleted:":"true", "version":"1727528775299"}}
{"logTime": "0928/143149", "correlationVector":"g+J4oOT5X0BP8hgC7wWgeG.122","action":"GetUpdates", "result":"DeleteReceived", "context":{"id":"a42cbf82-085e-4b7e-b0d6-96218aaa5bbb", "isDeleted:":"true", "version":"1727528917778"}}
{"logTime": "0928/143149", "correlationVector":"g+J4oOT5X0BP8hgC7wWgeG.123","action":"GetUpdates", "result":"DeleteReceived", "context":{"id":"513c482f-7bdc-4c5a-b218-63dabdd46b30", "isDeleted:":"true", "version":"1727528917779"}}
{"logTime": "0928/143149", "correlationVector":"g+J4oOT5X0BP8hgC7wWgeG.124","action":"GetUpdates", "result":"DeleteReceived", "context":{"id":"d2ad4079-1332-4a98-8a31-b7ce06bd2128", "isDeleted:":"true", "version":"1727528992666"}}
{"logTime": "0928/143149", "correlationVector":"g+J4oOT5X0BP8hgC7wWgeG.125","action":"GetUpdates", "result":"DeleteReceived", "context":{"id":"5613e4b1-825c-443f-ab3b-8666e57352c3", "isDeleted:":"true", "version":"1727529177831"}}
{"logTime": "0928/143149", "correlationVector":"g+J4oOT5X0BP8hgC7wWgeG.126","action":"GetUpdates", "result":"DeleteReceived", "context":{"id":"6135e682-acec-4dcb-9773-471cbb7b0442", "isDeleted:":"true", "version":"1727529177834"}}
{"logTime": "0928/143149", "correlationVector":"g+J4oOT5X0BP8hgC7wWgeG.127","action":"GetUpdates", "result":"DeleteReceived", "context":{"id":"f903b652-4aad-4812-9cdd-9ad6f82404af", "isDeleted:":"true", "version":"1727529216433"}}
{"logTime": "0928/143149", "correlationVector":"g+J4oOT5X0BP8hgC7wWgeG.128","action":"GetUpdates", "result":"DeleteReceived", "context":{"id":"262a6139-5fc4-4b34-ad17-dbe5e5b7c768", "isDeleted:":"true", "version":"1727529216435"}}
{"logTime": "0928/143149", "correlationVector":"g+J4oOT5X0BP8hgC7wWgeG.129","action":"GetUpdates", "result":"DeleteReceived", "context":{"id":"9bed3788-74fe-4645-aff1-31bde7e476be", "isDeleted:":"true", "version":"1727529321235"}}
{"logTime": "0928/143149", "correlationVector":"g+J4oOT5X0BP8hgC7wWgeG.130","action":"GetUpdates", "result":"DeleteReceived", "context":{"id":"1fc05252-ca3d-498e-8b26-30172dd6272a", "isDeleted:":"true", "version":"1727529357589"}}
{"logTime": "0928/143149", "correlationVector":"g+J4oOT5X0BP8hgC7wWgeG.131","action":"GetUpdates", "result":"DeleteReceived", "context":{"id":"8b55e33b-2343-440d-95a1-21f6a3f203b8", "isDeleted:":"true", "version":"1727529557256"}}
{"logTime": "0928/143149", "correlationVector":"g+J4oOT5X0BP8hgC7wWgeG.132","action":"GetUpdates", "result":"DeleteReceived", "context":{"id":"5e911dec-1682-4022-bdd1-e77d812d144a", "isDeleted:":"true", "version":"1727529557258"}}
{"logTime": "0928/143149", "correlationVector":"g+J4oOT5X0BP8hgC7wWgeG.133","action":"GetUpdates", "result":"DeleteReceived", "context":{"id":"aa657842-c077-4c82-8d03-a3fe443874b5", "isDeleted:":"true", "version":"1727529557260"}}
{"logTime": "0928/143149", "correlationVector":"g+J4oOT5X0BP8hgC7wWgeG.134","action":"GetUpdates", "result":"DeleteReceived", "context":{"id":"a3cf6320-77fa-4700-9f2e-e2fd54de8df0", "isDeleted:":"true", "version":"1727531071105"}}
{"logTime": "0928/143149", "correlationVector":"g+J4oOT5X0BP8hgC7wWgeG.135","action":"GetUpdates", "result":"DeleteReceived", "context":{"id":"e847a9b8-1a52-4613-957f-7902cef36b8b", "isDeleted:":"true", "version":"1727531102272"}}
{"logTime": "0928/143149", "correlationVector":"g+J4oOT5X0BP8hgC7wWgeG.136","action":"GetUpdates", "result":"DeleteReceived", "context":{"id":"b9bd9c18-d65e-42f1-8756-a2665c916f84", "isDeleted:":"true", "version":"1727531102273"}}
{"logTime": "0928/143149", "correlationVector":"g+J4oOT5X0BP8hgC7wWgeG.137","action":"GetUpdates", "result":"DeleteReceived", "context":{"id":"9f71ab3e-1144-458d-b6a2-2f53aa9c186c", "isDeleted:":"true", "version":"1727531102274"}}
{"logTime": "0928/143149", "correlationVector":"g+J4oOT5X0BP8hgC7wWgeG.138","action":"GetUpdates", "result":"DeleteReceived", "context":{"id":"9fabaf6b-5dcd-471d-ac5b-4c6c7b3fbb9a", "isDeleted:":"true", "version":"1727531646736"}}
{"logTime": "0928/143149", "correlationVector":"g+J4oOT5X0BP8hgC7wWgeG.139","action":"GetUpdates", "result":"DeleteReceived", "context":{"id":"4ed96b75-a90e-4c46-94e2-6a5e4ce0d239", "isDeleted:":"true", "version":"1727532642925"}}
{"logTime": "0928/143149", "correlationVector":"g+J4oOT5X0BP8hgC7wWgeG.140","action":"GetUpdates", "result":"DeleteReceived", "context":{"id":"1eb8dfde-37b4-42c8-aaf4-3955fe81c7aa", "isDeleted:":"true", "version":"1727532642927"}}
{"logTime": "0928/143149", "correlationVector":"g+J4oOT5X0BP8hgC7wWgeG.141","action":"GetUpdates", "result":"DeleteReceived", "context":{"id":"bb8e6afe-cc61-4edb-9ff5-3bcb6144e5d1", "isDeleted:":"true", "version":"1727532862661"}}
{"logTime": "0928/143149", "correlationVector":"g+J4oOT5X0BP8hgC7wWgeG.142","action":"GetUpdates", "result":"DeleteReceived", "context":{"id":"57d7e5df-7683-489f-af8b-c56bff595c42", "isDeleted:":"true", "version":"1727533841441"}}
{"logTime": "0928/143149", "correlationVector":"g+J4oOT5X0BP8hgC7wWgeG.143","action":"GetUpdates", "result":"DeleteReceived", "context":{"id":"d91e34bc-3069-4f76-b267-3850c1798b34", "isDeleted:":"true", "version":"1727533841442"}}
{"logTime": "0928/143149", "correlationVector":"g+J4oOT5X0BP8hgC7wWgeG.144","action":"GetUpdates Response", "result":"Success", "context":Received 188 update(s). cV=g+J4oOT5X0BP8hgC7wWgeG.0;server=GENERAL01000018;cloudType=Consumer;environment=Prod_SoutheastAsia_000j;migrationStage=NotStarted}
{"logTime": "0928/143149", "correlationVector":"VYYjES37fU/61EtZ4kKB7e","action":"Normal GetUpdate request", "result":"", "context":cV=VYYjES37fU/61EtZ4kKB7e
Nudged types: Sessions, Device Info, User Consents
Refresh requested types: Bookmarks, Preferences, Passwords, Autofill Profiles, Autofill, Typed URLs, Extensions, Sessions, Extension settings, History Delete Directives, Device Info, User Consents, Send Tab To Self, Web Apps, Collection, Edge E Drop, Edge Hub App Usage, Edge Tab Group, Edge Wallet, Encryption Keys}
{"logTime": "0928/143151", "correlationVector":"VYYjES37fU/61EtZ4kKB7e.1","action":"SyncServerConnectionManagerRequest", "result":"SYNC_SERVER_OK", "context":{"environment":"Prod_SoutheastAsia_000j", "migrationStage":"NotStarted", "server":"GENERAL0100001C"}}
{"logTime": "0928/143151", "correlationVector":"VYYjES37fU/61EtZ4kKB7e.2","action":"GetUpdates Response", "result":"Success", "context":Received 0 update(s). cV=VYYjES37fU/61EtZ4kKB7e.0;server=GENERAL0100001C;cloudType=Consumer;environment=Prod_SoutheastAsia_000j;migrationStage=NotStarted}
{"logTime": "0928/143151", "correlationVector":"CV0pHj9nJR1IHvW98Y3+7L","action":"DoCompareDataConsistency requsted types: ", "result":"Bookmarks, Preferences, Passwords, Typed URLs, Extensions, Extension settings, History Delete Directives, Send Tab To Self, Web Apps, Collection, Edge E Drop, Edge Tab Group, Edge Wallet, Encryption Keys"}
{"logTime": "0928/143151", "correlationVector":"CV0pHj9nJR1IHvW98Y3+7L.0","action":"CompareDataConsistency result: ", "result":"Compare result: Encryption Keys is consistent. local entities count is: 1 local entities hash is: REpWw4UTZOzFzH5TkmaMsybTTOk="}
{"logTime": "0928/143151", "correlationVector":"CV0pHj9nJR1IHvW98Y3+7L.1","action":"CompareDataConsistency result: ", "result":"Compare result: Bookmarks is consistent. local entities count is: 45 local entities hash is: /pD/op1FuzWJ1opWTAvIw8a6ptA="}
{"logTime": "0928/143151", "correlationVector":"CV0pHj9nJR1IHvW98Y3+7L.2","action":"CompareDataConsistency result: ", "result":"Compare result: Preferences is consistent. local entities count is: 123 local entities hash is: 0wKGAygqpB6ShM38lkV20KAdFPI="}
{"logTime": "0928/143151", "correlationVector":"CV0pHj9nJR1IHvW98Y3+7L.3","action":"CompareDataConsistency result: ", "result":"Server did not send this Typed URLs local entities count is: 11 local entities hash is: VIqXq+GERrED3T6UNEBavHdM43Y="}
{"logTime": "0928/143151", "correlationVector":"CV0pHj9nJR1IHvW98Y3+7L.4","action":"CompareDataConsistency result: ", "result":"Compare result: Extensions is consistent. local entities count is: 11 local entities hash is: HmvFmEOi+8h7fY+PjOS6FRKPN5o="}
{"logTime": "0928/143151", "correlationVector":"CV0pHj9nJR1IHvW98Y3+7L.5","action":"CompareDataConsistency result: ", "result":"Compare result: Extension settings is consistent. local entities count is: 24 local entities hash is: /RqAqYAS6Qx7WnJlwOqpC6MtU/E="}
{"logTime": "0928/143151", "correlationVector":"CV0pHj9nJR1IHvW98Y3+7L.6","action":"CompareDataConsistency result: ", "result":"Compare result: History Delete Directives is inconsistent. server entities count is: 5 server entities hash is: 5zqP5HRlUTo1rjt0b6g99NqHEf8= local entities count is: 0 local entities hash is: "}
{"logTime": "0928/143151", "correlationVector":"CV0pHj9nJR1IHvW98Y3+7L.7","action":"CompareDataConsistency result: ", "result":"Server did not send this Send Tab To Self local entities count is: 0 local entities hash is: "}
{"logTime": "0928/143151", "correlationVector":"CV0pHj9nJR1IHvW98Y3+7L.8","action":"CompareDataConsistency result: ", "result":"Compare result: Web Apps is consistent. local entities count is: 3 local entities hash is: +mmA5FmsUFNd8gSdDUH/btLocpg="}
{"logTime": "0928/143151", "correlationVector":"CV0pHj9nJR1IHvW98Y3+7L.9","action":"CompareDataConsistency result: ", "result":"Compare result: Collection is consistent. local entities count is: 8 local entities hash is: jcxX6s2nzScFn5XXnPuTAa3aZLQ="}
{"logTime": "0928/143151", "correlationVector":"CV0pHj9nJR1IHvW98Y3+7L.10","action":"CompareDataConsistency result: ", "result":"Compare result: Edge E Drop is consistent. local entities count is: 0 local entities hash is: "}
{"logTime": "0928/143151", "correlationVector":"CV0pHj9nJR1IHvW98Y3+7L.11","action":"CompareDataConsistency result: ", "result":"Compare result: Edge Tab Group is consistent. local entities count is: 8 local entities hash is: hN7dNLzug/N8/ofInsm/1VwOa20="}
{"logTime": "0928/143151", "correlationVector":"CV0pHj9nJR1IHvW98Y3+7L.12","action":"CompareDataConsistency result: ", "result":"Compare result: Edge Wallet is consistent. local entities count is: 0 local entities hash is: "}
{"logTime": "0928/143151", "correlationVector":"CV0pHj9nJR1IHvW98Y3+7L.13","action":"CompareDataConsistency result: ", "result":"Compare result: Passwords is consistent. local entities count is: 150 local entities hash is: YAmpZ4+PjMirAC6bEXi1dfg/gEs="}
{"logTime": "0928/143151", "correlationVector":"3iVKfiPzPBU/CVltiDl4eI","action":"Commit Request", "result":"", "context":Item count: 5
Contributing types: Sessions, Device Info, User Consents}
{"logTime": "0928/143152", "correlationVector":"3iVKfiPzPBU/CVltiDl4eI.1","action":"SyncServerConnectionManagerRequest", "result":"SYNC_SERVER_OK", "context":{"environment":"Prod_SoutheastAsia_000j", "migrationStage":"NotStarted", "server":"GENERAL03000015"}}
{"logTime": "0928/143152", "correlationVector":"3iVKfiPzPBU/CVltiDl4eI.2","action":"Commit Response", "result":"Success", "context":Result: Success. cV=3iVKfiPzPBU/CVltiDl4eI.0;server=GENERAL03000015;cloudType=Consumer;environment=Prod_SoutheastAsia_000j;migrationStage=NotStarted}
{"logTime": "0928/143152", "correlationVector":"4IVbKAv5Y+y2wQjxO3vm2p","action":"Normal GetUpdate request", "result":"", "context":cV=4IVbKAv5Y+y2wQjxO3vm2p
Nudged types: Sessions, Device Info}
{"logTime": "0928/143153", "correlationVector":"4IVbKAv5Y+y2wQjxO3vm2p.1","action":"SyncServerConnectionManagerRequest", "result":"SYNC_SERVER_OK", "context":{"environment":"Prod_SoutheastAsia_000j", "migrationStage":"NotStarted", "server":"GENERAL01000011"}}
{"logTime": "0928/143153", "correlationVector":"4IVbKAv5Y+y2wQjxO3vm2p.2","action":"GetUpdates Response", "result":"Success", "context":Received 3 update(s). cV=4IVbKAv5Y+y2wQjxO3vm2p.0;server=GENERAL01000011;cloudType=Consumer;environment=Prod_SoutheastAsia_000j;migrationStage=NotStarted}
{"logTime": "0928/143159", "correlationVector":"","action":"DIAGNOSTIC_REQUEST|v1/diagnosticData/Diagnostic.SendCheckResult()|SUCCESS", "result":""}
{"logTime": "0928/143207", "correlationVector":"7R/RJdhgj9qf8KP3Oa13b7","action":"Normal GetUpdate request", "result":"", "context":cV=7R/RJdhgj9qf8KP3Oa13b7
Notified types: Edge Hub App Usage}
{"logTime": "0928/143208", "correlationVector":"7R/RJdhgj9qf8KP3Oa13b7.1","action":"SyncServerConnectionManagerRequest", "result":"SYNC_SERVER_OK", "context":{"environment":"Prod_SoutheastAsia_000j", "migrationStage":"NotStarted", "server":"GENERAL0300000V"}}
{"logTime": "0928/143208", "correlationVector":"7R/RJdhgj9qf8KP3Oa13b7.2","action":"GetUpdates Response", "result":"Success", "context":Received 1 update(s). cV=7R/RJdhgj9qf8KP3Oa13b7.0;server=GENERAL0300000V;cloudType=Consumer;environment=Prod_SoutheastAsia_000j;migrationStage=NotStarted}
{"logTime": "0928/143243", "correlationVector":"1ni1ZiLB8hLL1Ziw+Ksm49","action":"Commit Request", "result":"", "context":Item count: 40
Contributing types: Passwords}
{"logTime": "0928/143245", "correlationVector":"1ni1ZiLB8hLL1Ziw+Ksm49.1","action":"SyncServerConnectionManagerRequest", "result":"SYNC_SERVER_OK", "context":{"environment":"Prod_SoutheastAsia_000j", "migrationStage":"NotStarted", "server":"GENERAL01000005"}}
{"logTime": "0928/143245", "correlationVector":"1ni1ZiLB8hLL1Ziw+Ksm49.2","action":"Commit Response", "result":"Success", "context":Result: Success. cV=1ni1ZiLB8hLL1Ziw+Ksm49.0;server=GENERAL01000005;cloudType=Consumer;environment=Prod_SoutheastAsia_000j;migrationStage=NotStarted}
{"logTime": "0928/143245", "correlationVector":"Qf43E1WmZouisCPcBQEbYU","action":"Commit Request", "result":"", "context":Item count: 40
Contributing types: Passwords}
{"logTime": "0928/143248", "correlationVector":"Qf43E1WmZouisCPcBQEbYU.1","action":"SyncServerConnectionManagerRequest", "result":"SYNC_SERVER_OK", "context":{"environment":"Prod_SoutheastAsia_000j", "migrationStage":"NotStarted", "server":"GENERAL03000004"}}
{"logTime": "0928/143248", "correlationVector":"Qf43E1WmZouisCPcBQEbYU.2","action":"Commit Response", "result":"Success", "context":Result: Success. cV=Qf43E1WmZouisCPcBQEbYU.0;server=GENERAL03000004;cloudType=Consumer;environment=Prod_SoutheastAsia_000j;migrationStage=NotStarted}
{"logTime": "0928/143248", "correlationVector":"EJRPX8hsJjgbVTYngwibtv","action":"Commit Request", "result":"", "context":Item count: 15
Contributing types: Preferences, Passwords, Sessions}
{"logTime": "0928/143249", "correlationVector":"EJRPX8hsJjgbVTYngwibtv.1","action":"SyncServerConnectionManagerRequest", "result":"SYNC_SERVER_OK", "context":{"environment":"Prod_SoutheastAsia_000j", "migrationStage":"NotStarted", "server":"GENERAL0100001C"}}
{"logTime": "0928/143249", "correlationVector":"EJRPX8hsJjgbVTYngwibtv.2","action":"Commit Response", "result":"Success", "context":Result: Success. cV=EJRPX8hsJjgbVTYngwibtv.0;server=GENERAL0100001C;cloudType=Consumer;environment=Prod_SoutheastAsia_000j;migrationStage=NotStarted}
{"logTime": "0928/143350", "correlationVector":"tcZtkzOIYUXYrSOr+l+L0X","action":"Commit Request", "result":"", "context":Item count: 1
Contributing types: Sessions}
{"logTime": "0928/143350", "correlationVector":"tcZtkzOIYUXYrSOr+l+L0X.1","action":"SyncServerConnectionManagerRequest", "result":"SYNC_SERVER_OK", "context":{"environment":"Prod_SoutheastAsia_000j", "migrationStage":"NotStarted", "server":"GENERAL0100000V"}}
{"logTime": "0928/143350", "correlationVector":"tcZtkzOIYUXYrSOr+l+L0X.2","action":"Commit Response", "result":"Success", "context":Result: Success. cV=tcZtkzOIYUXYrSOr+l+L0X.0;server=GENERAL0100000V;cloudType=Consumer;environment=Prod_SoutheastAsia_000j;migrationStage=NotStarted}
{"logTime": "0928/143540", "correlationVector":"rwWNFashFz/OcQ5KAQCkBt","action":"Normal GetUpdate request", "result":"", "context":cV=rwWNFashFz/OcQ5KAQCkBt
Refresh requested types: Bookmarks, Preferences, Passwords, Autofill Profiles, Autofill, Typed URLs, Extensions, Sessions, Extension settings, History Delete Directives, Device Info, User Consents, Send Tab To Self, Web Apps, Collection, Edge E Drop, Edge Hub App Usage, Edge Tab Group, Edge Wallet, Encryption Keys}
{"logTime": "0928/143542", "correlationVector":"rwWNFashFz/OcQ5KAQCkBt.1","action":"SyncServerConnectionManagerRequest", "result":"SYNC_SERVER_OK", "context":{"environment":"Prod_SoutheastAsia_000j", "migrationStage":"NotStarted", "server":"GENERAL0300001H"}}
{"logTime": "0928/143542", "correlationVector":"rwWNFashFz/OcQ5KAQCkBt.2","action":"GetUpdates", "result":"DeleteReceived", "context":{"id":"92b87225-9fd3-4f8d-9afa-b17803d485cd", "isDeleted:":"true", "version":"1727534105388"}}
{"logTime": "0928/143542", "correlationVector":"rwWNFashFz/OcQ5KAQCkBt.3","action":"GetUpdates", "result":"DeleteReceived", "context":{"id":"f8ec80a8-3d29-49f2-88ce-edd5ca460860", "isDeleted:":"true", "version":"1727534105389"}}
{"logTime": "0928/143542", "correlationVector":"rwWNFashFz/OcQ5KAQCkBt.4","action":"GetUpdates Response", "result":"Success", "context":Received 97 update(s). cV=rwWNFashFz/OcQ5KAQCkBt.0;server=GENERAL0300001H;cloudType=Consumer;environment=Prod_SoutheastAsia_000j;migrationStage=NotStarted}
{"logTime": "0928/144225", "correlationVector":"kk/C9xGrt+F5keutiG3bZb","action":"Commit Request", "result":"", "context":Item count: 1
Contributing types: Sessions}
{"logTime": "0928/144226", "correlationVector":"kk/C9xGrt+F5keutiG3bZb.1","action":"SyncServerConnectionManagerRequest", "result":"SYNC_SERVER_OK", "context":{"environment":"Prod_SoutheastAsia_000j", "migrationStage":"NotStarted", "server":"GENERAL0300000E"}}
{"logTime": "0928/144226", "correlationVector":"kk/C9xGrt+F5keutiG3bZb.2","action":"Commit Response", "result":"Success", "context":Result: Success. cV=kk/C9xGrt+F5keutiG3bZb.0;server=GENERAL0300000E;cloudType=Consumer;environment=Prod_SoutheastAsia_000j;migrationStage=NotStarted}
{"logTime": "0928/144256", "correlationVector":"Nzr3h06MEt2yFIosaurn2n","action":"Commit Request", "result":"", "context":Item count: 14
Contributing types: Sessions}
{"logTime": "0928/144257", "correlationVector":"Nzr3h06MEt2yFIosaurn2n.1","action":"SyncServerConnectionManagerRequest", "result":"SYNC_SERVER_OK", "context":{"environment":"Prod_SoutheastAsia_000j", "migrationStage":"NotStarted", "server":"GENERAL0100000B"}}
{"logTime": "0928/144257", "correlationVector":"Nzr3h06MEt2yFIosaurn2n.3","action":"Commit.Sessions", "result":"Success", "context":{"id":"26f238a8-cb30-41fd-b274-6208f7ccfdd7", "isDeleted":"true", "size":"0", "version":"1726324822590"}}
{"logTime": "0928/144257", "correlationVector":"Nzr3h06MEt2yFIosaurn2n.2","action":"Commit Response", "result":"Success", "context":Result: Success. cV=Nzr3h06MEt2yFIosaurn2n.0;server=GENERAL0100000B;cloudType=Consumer;environment=Prod_SoutheastAsia_000j;migrationStage=NotStarted}
{"logTime": "0928/144257", "correlationVector":"Nzr3h06MEt2yFIosaurn2n.4","action":"Commit.Sessions", "result":"Success", "context":{"id":"d03dad22-2bf3-4f0e-891a-dae51d983514", "isDeleted":"true", "size":"0", "version":"1726324822591"}}
{"logTime": "0928/144257", "correlationVector":"Nzr3h06MEt2yFIosaurn2n.5","action":"Commit.Sessions", "result":"Success", "context":{"id":"ee40b5f8-fcc9-4112-9585-a90ef767909e", "isDeleted":"true", "size":"0", "version":"1726324822592"}}
{"logTime": "0928/144257", "correlationVector":"Nzr3h06MEt2yFIosaurn2n.6","action":"Commit.Sessions", "result":"Success", "context":{"id":"736b2495-e5c1-4389-bb85-63048ddd6565", "isDeleted":"true", "size":"0", "version":"1726324822593"}}
{"logTime": "0928/144257", "correlationVector":"Nzr3h06MEt2yFIosaurn2n.7","action":"Commit.Sessions", "result":"Success", "context":{"id":"936e827b-59ce-400b-8cbb-a1a942d33050", "isDeleted":"true", "size":"0", "version":"1726324822594"}}
{"logTime": "0928/144257", "correlationVector":"Nzr3h06MEt2yFIosaurn2n.8","action":"Commit.Sessions", "result":"Success", "context":{"id":"bc939e2a-3278-4d0f-8c44-24fd3a7eaa5d", "isDeleted":"true", "size":"0", "version":"1726324822595"}}
{"logTime": "0928/144257", "correlationVector":"Nzr3h06MEt2yFIosaurn2n.9","action":"Commit.Sessions", "result":"Success", "context":{"id":"c3a71206-b64c-4b70-9831-501ce392225b", "isDeleted":"true", "size":"0", "version":"1726324822596"}}
{"logTime": "0928/144257", "correlationVector":"Nzr3h06MEt2yFIosaurn2n.10","action":"Commit.Sessions", "result":"Success", "context":{"id":"880a7a13-5cb4-49c0-af01-c4dfe7517f6a", "isDeleted":"true", "size":"0", "version":"1726324822597"}}
{"logTime": "0928/144257", "correlationVector":"Nzr3h06MEt2yFIosaurn2n.11","action":"Commit.Sessions", "result":"Success", "context":{"id":"bc18fda2-4a82-48f2-b1b9-41579a3d8f4c", "isDeleted":"true", "size":"0", "version":"1726324822598"}}
{"logTime": "0928/144257", "correlationVector":"Nzr3h06MEt2yFIosaurn2n.12","action":"Commit.Sessions", "result":"Success", "context":{"id":"bb273a29-16ba-4aef-b319-2527113fc26d", "isDeleted":"true", "size":"0", "version":"1726324822599"}}
{"logTime": "0928/144257", "correlationVector":"Nzr3h06MEt2yFIosaurn2n.13","action":"Commit.Sessions", "result":"Success", "context":{"id":"4315b6cd-7e7c-49f3-8e87-71909b338f8c", "isDeleted":"true", "size":"0", "version":"1726324822600"}}
{"logTime": "0928/144257", "correlationVector":"Nzr3h06MEt2yFIosaurn2n.14","action":"Commit.Sessions", "result":"Success", "context":{"id":"e0d3ead2-7255-441e-b38f-7fb23c1dd511", "isDeleted":"true", "size":"0", "version":"1726324822601"}}
{"logTime": "0928/144257", "correlationVector":"Nzr3h06MEt2yFIosaurn2n.15","action":"Commit.Sessions", "result":"Success", "context":{"id":"9620fec3-915b-4bef-9d76-eefb712e9ed8", "isDeleted":"true", "size":"0", "version":"1726324822602"}}
{"logTime": "0928/144257", "correlationVector":"Nzr3h06MEt2yFIosaurn2n.16","action":"Commit.Sessions", "result":"Success", "context":{"id":"6d1af627-1d83-43c8-ad36-3724a7d46f60", "isDeleted":"true", "size":"0", "version":"1726324822603"}}
{"logTime": "0928/144627", "correlationVector":"Jp42U6/isV2CnQnMpWKoMW","action":"Normal GetUpdate request", "result":"", "context":cV=Jp42U6/isV2CnQnMpWKoMW
Refresh requested types: Bookmarks, Preferences, Passwords, Autofill Profiles, Autofill, Typed URLs, Extensions, Sessions, Extension settings, History Delete Directives, Device Info, User Consents, Send Tab To Self, Web Apps, Collection, Edge E Drop, Edge Hub App Usage, Edge Tab Group, Edge Wallet, Encryption Keys}
{"logTime": "0928/144628", "correlationVector":"Jp42U6/isV2CnQnMpWKoMW.1","action":"SyncServerConnectionManagerRequest", "result":"SYNC_SERVER_OK", "context":{"environment":"Prod_SoutheastAsia_000j", "migrationStage":"NotStarted", "server":"GENERAL0100001E"}}
{"logTime": "0928/144628", "correlationVector":"Jp42U6/isV2CnQnMpWKoMW.2","action":"GetUpdates", "result":"DeleteReceived", "context":{"id":"26f238a8-cb30-41fd-b274-6208f7ccfdd7", "isDeleted:":"true", "version":"1727534578257"}}
{"logTime": "0928/144628", "correlationVector":"Jp42U6/isV2CnQnMpWKoMW.3","action":"GetUpdates", "result":"DeleteReceived", "context":{"id":"d03dad22-2bf3-4f0e-891a-dae51d983514", "isDeleted:":"true", "version":"1727534578258"}}
{"logTime": "0928/144628", "correlationVector":"Jp42U6/isV2CnQnMpWKoMW.4","action":"GetUpdates", "result":"DeleteReceived", "context":{"id":"ee40b5f8-fcc9-4112-9585-a90ef767909e", "isDeleted:":"true", "version":"1727534578259"}}
{"logTime": "0928/144628", "correlationVector":"Jp42U6/isV2CnQnMpWKoMW.5","action":"GetUpdates", "result":"DeleteReceived", "context":{"id":"736b2495-e5c1-4389-bb85-63048ddd6565", "isDeleted:":"true", "version":"1727534578260"}}
{"logTime": "0928/144628", "correlationVector":"Jp42U6/isV2CnQnMpWKoMW.6","action":"GetUpdates", "result":"DeleteReceived", "context":{"id":"936e827b-59ce-400b-8cbb-a1a942d33050", "isDeleted:":"true", "version":"1727534578261"}}
{"logTime": "0928/144628", "correlationVector":"Jp42U6/isV2CnQnMpWKoMW.7","action":"GetUpdates", "result":"DeleteReceived", "context":{"id":"bc939e2a-3278-4d0f-8c44-24fd3a7eaa5d", "isDeleted:":"true", "version":"1727534578262"}}
{"logTime": "0928/144628", "correlationVector":"Jp42U6/isV2CnQnMpWKoMW.8","action":"GetUpdates", "result":"DeleteReceived", "context":{"id":"c3a71206-b64c-4b70-9831-501ce392225b", "isDeleted:":"true", "version":"1727534578263"}}
{"logTime": "0928/144628", "correlationVector":"Jp42U6/isV2CnQnMpWKoMW.9","action":"GetUpdates", "result":"DeleteReceived", "context":{"id":"880a7a13-5cb4-49c0-af01-c4dfe7517f6a", "isDeleted:":"true", "version":"1727534578264"}}
{"logTime": "0928/144628", "correlationVector":"Jp42U6/isV2CnQnMpWKoMW.10","action":"GetUpdates", "result":"DeleteReceived", "context":{"id":"bc18fda2-4a82-48f2-b1b9-41579a3d8f4c", "isDeleted:":"true", "version":"1727534578265"}}
{"logTime": "0928/144628", "correlationVector":"Jp42U6/isV2CnQnMpWKoMW.11","action":"GetUpdates", "result":"DeleteReceived", "context":{"id":"bb273a29-16ba-4aef-b319-2527113fc26d", "isDeleted:":"true", "version":"1727534578266"}}
{"logTime": "0928/144628", "correlationVector":"Jp42U6/isV2CnQnMpWKoMW.12","action":"GetUpdates", "result":"DeleteReceived", "context":{"id":"4315b6cd-7e7c-49f3-8e87-71909b338f8c", "isDeleted:":"true", "version":"1727534578267"}}
{"logTime": "0928/144628", "correlationVector":"Jp42U6/isV2CnQnMpWKoMW.13","action":"GetUpdates", "result":"DeleteReceived", "context":{"id":"e0d3ead2-7255-441e-b38f-7fb23c1dd511", "isDeleted:":"true", "version":"1727534578268"}}
{"logTime": "0928/144628", "correlationVector":"Jp42U6/isV2CnQnMpWKoMW.14","action":"GetUpdates", "result":"DeleteReceived", "context":{"id":"9620fec3-915b-4bef-9d76-eefb712e9ed8", "isDeleted:":"true", "version":"1727534578269"}}
{"logTime": "0928/144628", "correlationVector":"Jp42U6/isV2CnQnMpWKoMW.15","action":"GetUpdates", "result":"DeleteReceived", "context":{"id":"6d1af627-1d83-43c8-ad36-3724a7d46f60", "isDeleted:":"true", "version":"1727534578270"}}
{"logTime": "0928/144628", "correlationVector":"Jp42U6/isV2CnQnMpWKoMW.16","action":"GetUpdates Response", "result":"Success", "context":Received 19 update(s). cV=Jp42U6/isV2CnQnMpWKoMW.0;server=GENERAL0100001E;cloudType=Consumer;environment=Prod_SoutheastAsia_000j;migrationStage=NotStarted}
{"logTime": "0928/145233", "correlationVector":"ZaMQ+4nbfGfdilk4zvJNwS","action":"Commit Request", "result":"", "context":Item count: 1
Contributing types: Sessions}
{"logTime": "0928/145233", "correlationVector":"ZaMQ+4nbfGfdilk4zvJNwS.1","action":"SyncServerConnectionManagerRequest", "result":"SYNC_SERVER_OK", "context":{"environment":"Prod_SoutheastAsia_000j", "migrationStage":"NotStarted", "server":"GENERAL0300001M"}}
{"logTime": "0928/145233", "correlationVector":"ZaMQ+4nbfGfdilk4zvJNwS.2","action":"Commit Response", "result":"Success", "context":Result: Success. cV=ZaMQ+4nbfGfdilk4zvJNwS.0;server=GENERAL0300001M;cloudType=Consumer;environment=Prod_SoutheastAsia_000j;migrationStage=NotStarted}
{"logTime": "0928/145651", "correlationVector":"1vIV5QUmcb09legrOw0Ity","action":"Commit Request", "result":"", "context":Item count: 1
Contributing types: Sessions}
{"logTime": "0928/145652", "correlationVector":"1vIV5QUmcb09legrOw0Ity.1","action":"SyncServerConnectionManagerRequest", "result":"SYNC_SERVER_OK", "context":{"environment":"Prod_SoutheastAsia_000j", "migrationStage":"NotStarted", "server":"GENERAL0100001J"}}
{"logTime": "0928/145652", "correlationVector":"1vIV5QUmcb09legrOw0Ity.2","action":"Commit Response", "result":"Success", "context":Result: Success. cV=1vIV5QUmcb09legrOw0Ity.0;server=GENERAL0100001J;cloudType=Consumer;environment=Prod_SoutheastAsia_000j;migrationStage=NotStarted}
{"logTime": "0928/145901", "correlationVector":"DMy+HxLHWqRi1PQoOQak7H","action":"Commit Request", "result":"", "context":Item count: 1
Contributing types: Sessions}
{"logTime": "0928/145901", "correlationVector":"DMy+HxLHWqRi1PQoOQak7H.1","action":"SyncServerConnectionManagerRequest", "result":"SYNC_SERVER_OK", "context":{"environment":"Prod_SoutheastAsia_000j", "migrationStage":"NotStarted", "server":"GENERAL01000012"}}
{"logTime": "0928/145901", "correlationVector":"DMy+HxLHWqRi1PQoOQak7H.2","action":"Commit Response", "result":"Success", "context":Result: Success. cV=DMy+HxLHWqRi1PQoOQak7H.0;server=GENERAL01000012;cloudType=Consumer;environment=Prod_SoutheastAsia_000j;migrationStage=NotStarted}
{"logTime": "0928/150057", "correlationVector":"pce6BrrbKST9p4xVIpPgAz","action":"Commit Request", "result":"", "context":Item count: 1
Contributing types: Sessions}
{"logTime": "0928/150057", "correlationVector":"pce6BrrbKST9p4xVIpPgAz.1","action":"SyncServerConnectionManagerRequest", "result":"SYNC_SERVER_OK", "context":{"environment":"Prod_SoutheastAsia_000j", "migrationStage":"NotStarted", "server":"GENERAL0300002H"}}
{"logTime": "0928/150057", "correlationVector":"pce6BrrbKST9p4xVIpPgAz.2","action":"Commit Response", "result":"Success", "context":Result: Success. cV=pce6BrrbKST9p4xVIpPgAz.0;server=GENERAL0300002H;cloudType=Consumer;environment=Prod_SoutheastAsia_000j;migrationStage=NotStarted}
{"logTime": "0928/150230", "correlationVector":"XRvFdy7GnOH9oQsQua+kmy","action":"Commit Request", "result":"", "context":Item count: 1
Contributing types: Sessions}
{"logTime": "0928/150230", "correlationVector":"XRvFdy7GnOH9oQsQua+kmy.1","action":"SyncServerConnectionManagerRequest", "result":"SYNC_SERVER_OK", "context":{"environment":"Prod_SoutheastAsia_000j", "migrationStage":"NotStarted", "server":"GENERAL03000007"}}
{"logTime": "0928/150230", "correlationVector":"XRvFdy7GnOH9oQsQua+kmy.2","action":"Commit Response", "result":"Success", "context":Result: Success. cV=XRvFdy7GnOH9oQsQua+kmy.0;server=GENERAL03000007;cloudType=Consumer;environment=Prod_SoutheastAsia_000j;migrationStage=NotStarted}
{"logTime": "0928/150311", "correlationVector":"l4cJjerC27loQq/u+9PPKs","action":"Commit Request", "result":"", "context":Item count: 1
Contributing types: Sessions}
{"logTime": "0928/150312", "correlationVector":"l4cJjerC27loQq/u+9PPKs.1","action":"SyncServerConnectionManagerRequest", "result":"SYNC_SERVER_OK", "context":{"environment":"Prod_SoutheastAsia_000j", "migrationStage":"NotStarted", "server":"GENERAL03000006"}}
{"logTime": "0928/150312", "correlationVector":"l4cJjerC27loQq/u+9PPKs.2","action":"Commit Response", "result":"Success", "context":Result: Success. cV=l4cJjerC27loQq/u+9PPKs.0;server=GENERAL03000006;cloudType=Consumer;environment=Prod_SoutheastAsia_000j;migrationStage=NotStarted}
{"logTime": "0928/150422", "correlationVector":"A5v48cxw0A5G+lReXYvHni","action":"Commit Request", "result":"", "context":Item count: 1
Contributing types: Sessions}
{"logTime": "0928/150422", "correlationVector":"A5v48cxw0A5G+lReXYvHni.1","action":"SyncServerConnectionManagerRequest", "result":"SYNC_SERVER_OK", "context":{"environment":"Prod_SoutheastAsia_000j", "migrationStage":"NotStarted", "server":"GENERAL01000006"}}
{"logTime": "0928/150422", "correlationVector":"A5v48cxw0A5G+lReXYvHni.2","action":"Commit Response", "result":"Success", "context":Result: Success. cV=A5v48cxw0A5G+lReXYvHni.0;server=GENERAL01000006;cloudType=Consumer;environment=Prod_SoutheastAsia_000j;migrationStage=NotStarted}
{"logTime": "0928/150453", "correlationVector":"0Bbe8nM9JWTpp3pPfxZU0k","action":"Commit Request", "result":"", "context":Item count: 3
Contributing types: Preferences, Sessions}
{"logTime": "0928/150453", "correlationVector":"0Bbe8nM9JWTpp3pPfxZU0k.1","action":"SyncServerConnectionManagerRequest", "result":"SYNC_SERVER_OK", "context":{"environment":"Prod_SoutheastAsia_000j", "migrationStage":"NotStarted", "server":"GENERAL03000004"}}
{"logTime": "0928/150453", "correlationVector":"0Bbe8nM9JWTpp3pPfxZU0k.2","action":"Commit Response", "result":"Success", "context":Result: Success. cV=0Bbe8nM9JWTpp3pPfxZU0k.0;server=GENERAL03000004;cloudType=Consumer;environment=Prod_SoutheastAsia_000j;migrationStage=NotStarted}
{"logTime": "0928/150524", "correlationVector":"vgvXU0aoBq1bkpty0TciLp","action":"Commit Request", "result":"", "context":Item count: 3
Contributing types: Sessions}
{"logTime": "0928/150524", "correlationVector":"vgvXU0aoBq1bkpty0TciLp.1","action":"SyncServerConnectionManagerRequest", "result":"SYNC_SERVER_OK", "context":{"environment":"Prod_SoutheastAsia_000j", "migrationStage":"NotStarted", "server":"GENERAL0300000S"}}
{"logTime": "0928/150524", "correlationVector":"vgvXU0aoBq1bkpty0TciLp.2","action":"Commit Response", "result":"Success", "context":Result: Success. cV=vgvXU0aoBq1bkpty0TciLp.0;server=GENERAL0300000S;cloudType=Consumer;environment=Prod_SoutheastAsia_000j;migrationStage=NotStarted}
{"logTime": "0928/150556", "correlationVector":"TnXlUVET9K77Xi5JUiSg9C","action":"Commit Request", "result":"", "context":Item count: 6
Contributing types: Sessions}
{"logTime": "0928/150557", "correlationVector":"TnXlUVET9K77Xi5JUiSg9C.1","action":"SyncServerConnectionManagerRequest", "result":"SYNC_SERVER_OK", "context":{"environment":"Prod_SoutheastAsia_000j", "migrationStage":"NotStarted", "server":"GENERAL0100001J"}}
{"logTime": "0928/150557", "correlationVector":"TnXlUVET9K77Xi5JUiSg9C.2","action":"Commit Response", "result":"Success", "context":Result: Success. cV=TnXlUVET9K77Xi5JUiSg9C.0;server=GENERAL0100001J;cloudType=Consumer;environment=Prod_SoutheastAsia_000j;migrationStage=NotStarted}
{"logTime": "0928/150635", "correlationVector":"ZLjlXSt48BL7tk+PowxGah","action":"Commit Request", "result":"", "context":Item count: 4
Contributing types: Sessions}
{"logTime": "0928/150635", "correlationVector":"ZLjlXSt48BL7tk+PowxGah.1","action":"SyncServerConnectionManagerRequest", "result":"SYNC_SERVER_OK", "context":{"environment":"Prod_SoutheastAsia_000j", "migrationStage":"NotStarted", "server":"GENERAL0300001M"}}
{"logTime": "0928/150635", "correlationVector":"ZLjlXSt48BL7tk+PowxGah.2","action":"Commit Response", "result":"Success", "context":Result: Success. cV=ZLjlXSt48BL7tk+PowxGah.0;server=GENERAL0300001M;cloudType=Consumer;environment=Prod_SoutheastAsia_000j;migrationStage=NotStarted}
{"logTime": "0928/150812", "correlationVector":"6dhcuVf80AdqbtRFe8Iz0P","action":"Commit Request", "result":"", "context":Item count: 2
Contributing types: Sessions}
{"logTime": "0928/150812", "correlationVector":"6dhcuVf80AdqbtRFe8Iz0P.1","action":"SyncServerConnectionManagerRequest", "result":"SYNC_SERVER_OK", "context":{"environment":"Prod_SoutheastAsia_000j", "migrationStage":"NotStarted", "server":"GENERAL03000000"}}
{"logTime": "0928/150812", "correlationVector":"6dhcuVf80AdqbtRFe8Iz0P.3","action":"Commit.Sessions", "result":"Success", "context":{"id":"4a49f56f-db4b-4f95-9efb-eee6346bf7ee", "isDeleted":"true", "size":"0", "version":"1727535997422"}}
{"logTime": "0928/150812", "correlationVector":"6dhcuVf80AdqbtRFe8Iz0P.2","action":"Commit Response", "result":"Success", "context":Result: Success. cV=6dhcuVf80AdqbtRFe8Iz0P.0;server=GENERAL03000000;cloudType=Consumer;environment=Prod_SoutheastAsia_000j;migrationStage=NotStarted}
{"logTime": "0928/150848", "correlationVector":"LGiUrSSMq9JDiqoOanpHOB","action":"Commit Request", "result":"", "context":Item count: 1
Contributing types: Sessions}
{"logTime": "0928/150849", "correlationVector":"LGiUrSSMq9JDiqoOanpHOB.1","action":"SyncServerConnectionManagerRequest", "result":"SYNC_SERVER_OK", "context":{"environment":"Prod_SoutheastAsia_000j", "migrationStage":"NotStarted", "server":"GENERAL0100000K"}}
{"logTime": "0928/150849", "correlationVector":"LGiUrSSMq9JDiqoOanpHOB.2","action":"Commit Response", "result":"Success", "context":Result: Success. cV=LGiUrSSMq9JDiqoOanpHOB.0;server=GENERAL0100000K;cloudType=Consumer;environment=Prod_SoutheastAsia_000j;migrationStage=NotStarted}
{"logTime": "0928/150917", "correlationVector":"hkukp1ZqQLdpKWaVs+bOhq","action":"Normal GetUpdate request", "result":"", "context":cV=hkukp1ZqQLdpKWaVs+bOhq
Notified types: Edge Hub App Usage}
{"logTime": "0928/150918", "correlationVector":"hkukp1ZqQLdpKWaVs+bOhq.1","action":"SyncServerConnectionManagerRequest", "result":"SYNC_SERVER_OK", "context":{"environment":"Prod_SoutheastAsia_000j", "migrationStage":"NotStarted", "server":"GENERAL01000012"}}
{"logTime": "0928/150918", "correlationVector":"hkukp1ZqQLdpKWaVs+bOhq.2","action":"GetUpdates", "result":"DeleteReceived", "context":{"id":"c2d8f2d4-f8c9-4ca4-97ea-396c403425d5", "isDeleted:":"true", "version":"1727535456681"}}
{"logTime": "0928/150918", "correlationVector":"hkukp1ZqQLdpKWaVs+bOhq.3","action":"GetUpdates", "result":"DeleteReceived", "context":{"id":"4a49f56f-db4b-4f95-9efb-eee6346bf7ee", "isDeleted:":"true", "version":"1727536094111"}}
{"logTime": "0928/150918", "correlationVector":"hkukp1ZqQLdpKWaVs+bOhq.4","action":"GetUpdates Response", "result":"Success", "context":Received 22 update(s). cV=hkukp1ZqQLdpKWaVs+bOhq.0;server=GENERAL01000012;cloudType=Consumer;environment=Prod_SoutheastAsia_000j;migrationStage=NotStarted}
{"logTime": "0928/150920", "correlationVector":"G0dAdx0aIuKNJv4Y5f/T7m","action":"Normal GetUpdate request", "result":"", "context":cV=G0dAdx0aIuKNJv4Y5f/T7m
Notified types: Edge Hub App Usage}
{"logTime": "0928/150920", "correlationVector":"G0dAdx0aIuKNJv4Y5f/T7m.1","action":"SyncServerConnectionManagerRequest", "result":"SYNC_SERVER_OK", "context":{"environment":"Prod_SoutheastAsia_000j", "migrationStage":"NotStarted", "server":"GENERAL0100000X"}}
{"logTime": "0928/150920", "correlationVector":"G0dAdx0aIuKNJv4Y5f/T7m.2","action":"GetUpdates", "result":"DeleteReceived", "context":{"id":"30474c25-3085-429f-b9d6-6ef603ed4c6d", "isDeleted:":"true", "version":"1727536161362"}}
{"logTime": "0928/150920", "correlationVector":"G0dAdx0aIuKNJv4Y5f/T7m.3","action":"GetUpdates", "result":"DeleteReceived", "context":{"id":"0c0ed8ff-6681-4484-b13f-fd9ffc2cded2", "isDeleted:":"true", "version":"1727536161363"}}
{"logTime": "0928/150920", "correlationVector":"G0dAdx0aIuKNJv4Y5f/T7m.4","action":"GetUpdates", "result":"DeleteReceived", "context":{"id":"01e34083-98ab-4c08-a6c7-b5c4166667b3", "isDeleted:":"true", "version":"1727536161364"}}
{"logTime": "0928/150920", "correlationVector":"G0dAdx0aIuKNJv4Y5f/T7m.5","action":"GetUpdates", "result":"DeleteReceived", "context":{"id":"c5d886d3-495b-4680-a544-c333f0eb4c34", "isDeleted:":"true", "version":"1727536161365"}}
{"logTime": "0928/150920", "correlationVector":"G0dAdx0aIuKNJv4Y5f/T7m.6","action":"GetUpdates", "result":"DeleteReceived", "context":{"id":"2c0a4262-1068-4636-9b4c-d2930dcd847b", "isDeleted:":"true", "version":"1727536161366"}}
{"logTime": "0928/150920", "correlationVector":"G0dAdx0aIuKNJv4Y5f/T7m.7","action":"GetUpdates", "result":"DeleteReceived", "context":{"id":"406f1df5-88b3-4f42-a727-946daf68de2e", "isDeleted:":"true", "version":"1727536161368"}}
{"logTime": "0928/150920", "correlationVector":"G0dAdx0aIuKNJv4Y5f/T7m.8","action":"GetUpdates", "result":"DeleteReceived", "context":{"id":"9cfd973a-fd56-40f9-b05d-8f763d9849c8", "isDeleted:":"true", "version":"1727536161369"}}
{"logTime": "0928/150920", "correlationVector":"G0dAdx0aIuKNJv4Y5f/T7m.9","action":"GetUpdates Response", "result":"Success", "context":Received 9 update(s). cV=G0dAdx0aIuKNJv4Y5f/T7m.0;server=GENERAL0100000X;cloudType=Consumer;environment=Prod_SoutheastAsia_000j;migrationStage=NotStarted}
{"logTime": "0928/152733", "correlationVector":"aoW5OeFsG5HWCIL2V7EhMB","action":"Normal GetUpdate request", "result":"", "context":cV=aoW5OeFsG5HWCIL2V7EhMB
Refresh requested types: Bookmarks, Preferences, Passwords, Autofill Profiles, Autofill, Typed URLs, Extensions, Sessions, Extension settings, History Delete Directives, Device Info, User Consents, Send Tab To Self, Web Apps, Collection, Edge E Drop, Edge Hub App Usage, Edge Tab Group, Edge Wallet, Encryption Keys}
{"logTime": "0928/152734", "correlationVector":"aoW5OeFsG5HWCIL2V7EhMB.1","action":"SyncServerConnectionManagerRequest", "result":"SYNC_SERVER_OK", "context":{"environment":"Prod_SoutheastAsia_000j", "migrationStage":"NotStarted", "server":"GENERAL01000016"}}
{"logTime": "0928/152734", "correlationVector":"aoW5OeFsG5HWCIL2V7EhMB.2","action":"GetUpdates Response", "result":"Success", "context":Received 1 update(s). cV=aoW5OeFsG5HWCIL2V7EhMB.0;server=GENERAL01000016;cloudType=Consumer;environment=Prod_SoutheastAsia_000j;migrationStage=NotStarted}
